Start auto log messages stack - Iteration 4.	[MsgId: MMSG-10545]
Action.c(70): web_submit_form("login.pl") started  	[MsgId: MMSG-26355]
Action.c(70): Warning -27980: Value of "username" (length 16) truncated due to maxlength=14  	[MsgId: MWAR-27980]
Action.c(70): Submitting form to "http://localhost:1080/cgi-bin/login.pl", Target Frame="body"  	[MsgId: MMSG-27978]
Action.c(70): Detected non-resource "http://localhost:1080/cgi-bin/nav.pl?username=leonardodicapr&password=leo12345" in "http://localhost:1080/cgi-bin/login.pl"  	[MsgId: MMSG-26574]
Action.c(70): Detected non-resource "http://localhost:1080/cgi-bin/error.pl?error=badPassword" in "http://localhost:1080/cgi-bin/login.pl"  	[MsgId: MMSG-26574]
Action.c(70): Resource "http://localhost:1080/WebTours/images/mer_login.gif" is in the cache already and will not be downloaded again  	[MsgId: MMSG-26655]
Action.c(70): Error -26366: "Text=User password was correct" not found for web_reg_find  	[MsgId: MERR-26366]
Action.c(70): Error -26366: "Text=Welcome, <b>leonardodicaprio</b>, to the Web Tours reservation pages." not found for web_reg_find  	[MsgId: MERR-26366]
End auto log messages stack.	[MsgId: MMSG-10544]


Start auto log messages stack - Iteration 5.	[MsgId: MMSG-10545]
Action.c(70): web_submit_form("login.pl") started  	[MsgId: MMSG-26355]
Action.c(70): Warning -27980: Value of "username" (length 17) truncated due to maxlength=14  	[MsgId: MWAR-27980]
Action.c(70): Submitting form to "http://localhost:1080/cgi-bin/login.pl", Target Frame="body"  	[MsgId: MMSG-27978]
Action.c(70): Detected non-resource "http://localhost:1080/cgi-bin/nav.pl?username=scarlettjohans&password=scarlett@22" in "http://localhost:1080/cgi-bin/login.pl"  	[MsgId: MMSG-26574]
Action.c(70): Detected non-resource "http://localhost:1080/cgi-bin/error.pl?error=badPassword" in "http://localhost:1080/cgi-bin/login.pl"  	[MsgId: MMSG-26574]
Action.c(70): Resource "http://localhost:1080/WebTours/images/mer_login.gif" is in the cache already and will not be downloaded again  	[MsgId: MMSG-26655]
Action.c(70): Error -26366: "Text=User password was correct" not found for web_reg_find  	[MsgId: MERR-26366]
Action.c(70): Error -26366: "Text=Welcome, <b>scarlettjohansson</b>, to the Web Tours reservation pages." not found for web_reg_find  	[MsgId: MERR-26366]
End auto log messages stack.	[MsgId: MMSG-10544]


Start auto log messages stack - Iteration 7.	[MsgId: MMSG-10545]
Action.c(70): web_submit_form("login.pl") started  	[MsgId: MMSG-26355]
Action.c(70): Warning -27980: Value of "username" (length 15) truncated due to maxlength=14  	[MsgId: MWAR-27980]
Action.c(70): Submitting form to "http://localhost:1080/cgi-bin/login.pl", Target Frame="body"  	[MsgId: MMSG-27978]
Action.c(70): Detected non-resource "http://localhost:1080/cgi-bin/nav.pl?username=jenniferanisto&password=jen2024" in "http://localhost:1080/cgi-bin/login.pl"  	[MsgId: MMSG-26574]
Action.c(70): Detected non-resource "http://localhost:1080/cgi-bin/error.pl?error=badPassword" in "http://localhost:1080/cgi-bin/login.pl"  	[MsgId: MMSG-26574]
Action.c(70): Resource "http://localhost:1080/WebTours/images/mer_login.gif" is in the cache already and will not be downloaded again  	[MsgId: MMSG-26655]
Action.c(70): Error -27721: Step download timeout (120 seconds) has expired when downloading resource "http://localhost:1080/cgi-bin/error.pl?error=badPassword"  	[MsgId: MERR-27721]
End auto log messages stack.	[MsgId: MMSG-10544]


Start auto log messages stack - Iteration 7.	[MsgId: MMSG-10545]
Action.c(70): Aborting pending download of URL="http://localhost:1080/cgi-bin/error.pl?error=badPassword" (RelFrameId=1.2, Internal ID=144)  	[MsgId: MMSG-27649]
Action.c(70): Error -26366: "Text=User password was correct" not found for web_reg_find  	[MsgId: MERR-26366]
Action.c(70): Error -26366: "Text=Welcome, <b>jenniferaniston</b>, to the Web Tours reservation pages." not found for web_reg_find  	[MsgId: MERR-26366]
End auto log messages stack.	[MsgId: MMSG-10544]


Start auto log messages stack - Iteration 9.	[MsgId: MMSG-10545]
Action.c(66): Registering web_reg_find was successful  	[MsgId: MMSG-26390]
Action.c(68): web_reg_find started  	[MsgId: MMSG-26355]
Action.c(68): Registering web_reg_find was successful  	[MsgId: MMSG-26390]
Action.c(70): web_submit_form("login.pl") started  	[MsgId: MMSG-26355]
Action.c(70): Submitting form to "http://localhost:1080/cgi-bin/login.pl", Target Frame="body"  	[MsgId: MMSG-27978]
Action.c(70): Detected non-resource "http://localhost:1080/cgi-bin/nav.pl?page=menu&in=home" in "http://localhost:1080/cgi-bin/login.pl"  	[MsgId: MMSG-26574]
Action.c(70): Detected non-resource "http://localhost:1080/cgi-bin/login.pl?intro=true" in "http://localhost:1080/cgi-bin/login.pl"  	[MsgId: MMSG-26574]
Action.c(70): Error -26612: HTTP Status-Code=500 (Internal Server Error) for "http://localhost:1080/cgi-bin/nav.pl?page=menu&in=home"  	[MsgId: MERR-26612]
End auto log messages stack.	[MsgId: MMSG-10544]


