Error: missing newline in C:\Users\Алсу\OneDrive\Документы\VuGen\Scripts\UC05_ReservationCancel\..\users.dat	[MsgId: MERR-13874]
Start auto log messages stack - Iteration 1.	[MsgId: MMSG-10545]
Action.c(32): web_add_auto_header("Sec-GPC") was successful  	[MsgId: MMSG-26392]
Action.c(35): web_add_auto_header("Upgrade-Insecure-Requests") started  	[MsgId: MMSG-26355]
Action.c(35): web_add_auto_header("Upgrade-Insecure-Requests") was successful  	[MsgId: MMSG-26392]
Action.c(38): lr_think_time: 23,00 seconds.	[MsgId: MMSG-15948]
Action.c(40): web_reg_save_param_ex started  	[MsgId: MMSG-26355]
Action.c(40): Registering web_reg_save_param_ex was successful  	[MsgId: MMSG-26390]
Action.c(42): web_reg_find started  	[MsgId: MMSG-26355]
Action.c(42): Registering web_reg_find was successful  	[MsgId: MMSG-26390]
Action.c(44): web_url("webtours") started  	[MsgId: MMSG-26355]
Action.c(44): Error -27792: Failed to connect to server "localhost:1080": [10061] Connection refused  	[MsgId: MERR-27792]
Action.c(44): Error -26377: No match found for the requested parameter "userSession". Either the specified boundaries were not found in the response or the matched text is longer than current max html parameter size of 256 bytes. The total length of the response is 0 bytes. You can use "web_set_max_html_param_len" to increase the max parameter size.  	[MsgId: MERR-26377]
Action.c(44): Error -26366: "Text=A Session ID has been created" not found for web_reg_find  	[MsgId: MERR-26366]
Action.c(44): Error -26374: The above "not found" error(s) may be explained by header and body byte counts being 0 and 0, respectively.  	[MsgId: MERR-26374]
End auto log messages stack.	[MsgId: MMSG-10544]


Start auto log messages stack - Iteration 1.	[MsgId: MMSG-10545]
Action.c(32): web_add_auto_header("Sec-GPC") was successful  	[MsgId: MMSG-26392]
Action.c(35): web_add_auto_header("Upgrade-Insecure-Requests") started  	[MsgId: MMSG-26355]
Action.c(35): web_add_auto_header("Upgrade-Insecure-Requests") was successful  	[MsgId: MMSG-26392]
Action.c(38): lr_think_time: 23,00 seconds.	[MsgId: MMSG-15948]
Action.c(40): web_reg_save_param_ex started  	[MsgId: MMSG-26355]
Action.c(40): Registering web_reg_save_param_ex was successful  	[MsgId: MMSG-26390]
Action.c(42): web_reg_find started  	[MsgId: MMSG-26355]
Action.c(42): Registering web_reg_find was successful  	[MsgId: MMSG-26390]
Action.c(44): web_url("webtours") started  	[MsgId: MMSG-26355]
Action.c(44): Error -27792: Failed to connect to server "localhost:1080": [10061] Connection refused  	[MsgId: MERR-27792]
Action.c(44): Error -26377: No match found for the requested parameter "userSession". Either the specified boundaries were not found in the response or the matched text is longer than current max html parameter size of 256 bytes. The total length of the response is 0 bytes. You can use "web_set_max_html_param_len" to increase the max parameter size.  	[MsgId: MERR-26377]
Action.c(44): Error -26366: "Text=A Session ID has been created" not found for web_reg_find  	[MsgId: MERR-26366]
Action.c(44): Error -26374: The above "not found" error(s) may be explained by header and body byte counts being 0 and 0, respectively.  	[MsgId: MERR-26374]
End auto log messages stack.	[MsgId: MMSG-10544]


Start auto log messages stack - Iteration 2.	[MsgId: MMSG-10545]
Action.c(32): web_add_auto_header("Sec-GPC") was successful  	[MsgId: MMSG-26392]
Action.c(35): web_add_auto_header("Upgrade-Insecure-Requests") started  	[MsgId: MMSG-26355]
Action.c(35): web_add_auto_header("Upgrade-Insecure-Requests") was successful  	[MsgId: MMSG-26392]
Action.c(38): lr_think_time: 23,00 seconds.	[MsgId: MMSG-15948]
Action.c(40): web_reg_save_param_ex started  	[MsgId: MMSG-26355]
Action.c(40): Registering web_reg_save_param_ex was successful  	[MsgId: MMSG-26390]
Action.c(42): web_reg_find started  	[MsgId: MMSG-26355]
Action.c(42): Registering web_reg_find was successful  	[MsgId: MMSG-26390]
Action.c(44): web_url("webtours") started  	[MsgId: MMSG-26355]
Action.c(44): Error -27792: Failed to connect to server "localhost:1080": [10061] Connection refused  	[MsgId: MERR-27792]
Action.c(44): Error -26377: No match found for the requested parameter "userSession". Either the specified boundaries were not found in the response or the matched text is longer than current max html parameter size of 256 bytes. The total length of the response is 0 bytes. You can use "web_set_max_html_param_len" to increase the max parameter size.  	[MsgId: MERR-26377]
Action.c(44): Error -26366: "Text=A Session ID has been created" not found for web_reg_find  	[MsgId: MERR-26366]
Action.c(44): Error -26374: The above "not found" error(s) may be explained by header and body byte counts being 0 and 0, respectively.  	[MsgId: MERR-26374]
End auto log messages stack.	[MsgId: MMSG-10544]


Start auto log messages stack - Iteration 2.	[MsgId: MMSG-10545]
Action.c(32): web_add_auto_header("Sec-GPC") was successful  	[MsgId: MMSG-26392]
Action.c(35): web_add_auto_header("Upgrade-Insecure-Requests") started  	[MsgId: MMSG-26355]
Action.c(35): web_add_auto_header("Upgrade-Insecure-Requests") was successful  	[MsgId: MMSG-26392]
Action.c(38): lr_think_time: 23,00 seconds.	[MsgId: MMSG-15948]
Action.c(40): web_reg_save_param_ex started  	[MsgId: MMSG-26355]
Action.c(40): Registering web_reg_save_param_ex was successful  	[MsgId: MMSG-26390]
Action.c(42): web_reg_find started  	[MsgId: MMSG-26355]
Action.c(42): Registering web_reg_find was successful  	[MsgId: MMSG-26390]
Action.c(44): web_url("webtours") started  	[MsgId: MMSG-26355]
Action.c(44): Error -27792: Failed to connect to server "localhost:1080": [10061] Connection refused  	[MsgId: MERR-27792]
Action.c(44): Error -26377: No match found for the requested parameter "userSession". Either the specified boundaries were not found in the response or the matched text is longer than current max html parameter size of 256 bytes. The total length of the response is 0 bytes. You can use "web_set_max_html_param_len" to increase the max parameter size.  	[MsgId: MERR-26377]
Action.c(44): Error -26366: "Text=A Session ID has been created" not found for web_reg_find  	[MsgId: MERR-26366]
Action.c(44): Error -26374: The above "not found" error(s) may be explained by header and body byte counts being 0 and 0, respectively.  	[MsgId: MERR-26374]
End auto log messages stack.	[MsgId: MMSG-10544]


Start auto log messages stack - Iteration 3.	[MsgId: MMSG-10545]
Action.c(32): web_add_auto_header("Sec-GPC") was successful  	[MsgId: MMSG-26392]
Action.c(35): web_add_auto_header("Upgrade-Insecure-Requests") started  	[MsgId: MMSG-26355]
Action.c(35): web_add_auto_header("Upgrade-Insecure-Requests") was successful  	[MsgId: MMSG-26392]
Action.c(38): lr_think_time: 23,00 seconds.	[MsgId: MMSG-15948]
Action.c(40): web_reg_save_param_ex started  	[MsgId: MMSG-26355]
Action.c(40): Registering web_reg_save_param_ex was successful  	[MsgId: MMSG-26390]
Action.c(42): web_reg_find started  	[MsgId: MMSG-26355]
Action.c(42): Registering web_reg_find was successful  	[MsgId: MMSG-26390]
Action.c(44): web_url("webtours") started  	[MsgId: MMSG-26355]
Action.c(44): Error -27792: Failed to connect to server "localhost:1080": [10061] Connection refused  	[MsgId: MERR-27792]
Action.c(44): Error -26377: No match found for the requested parameter "userSession". Either the specified boundaries were not found in the response or the matched text is longer than current max html parameter size of 256 bytes. The total length of the response is 0 bytes. You can use "web_set_max_html_param_len" to increase the max parameter size.  	[MsgId: MERR-26377]
Action.c(44): Error -26366: "Text=A Session ID has been created" not found for web_reg_find  	[MsgId: MERR-26366]
Action.c(44): Error -26374: The above "not found" error(s) may be explained by header and body byte counts being 0 and 0, respectively.  	[MsgId: MERR-26374]
End auto log messages stack.	[MsgId: MMSG-10544]


Start auto log messages stack - Iteration 3.	[MsgId: MMSG-10545]
Action.c(32): web_add_auto_header("Sec-GPC") was successful  	[MsgId: MMSG-26392]
Action.c(35): web_add_auto_header("Upgrade-Insecure-Requests") started  	[MsgId: MMSG-26355]
Action.c(35): web_add_auto_header("Upgrade-Insecure-Requests") was successful  	[MsgId: MMSG-26392]
Action.c(38): lr_think_time: 23,00 seconds.	[MsgId: MMSG-15948]
Action.c(40): web_reg_save_param_ex started  	[MsgId: MMSG-26355]
Action.c(40): Registering web_reg_save_param_ex was successful  	[MsgId: MMSG-26390]
Action.c(42): web_reg_find started  	[MsgId: MMSG-26355]
Action.c(42): Registering web_reg_find was successful  	[MsgId: MMSG-26390]
Action.c(44): web_url("webtours") started  	[MsgId: MMSG-26355]
Action.c(44): Error -27792: Failed to connect to server "localhost:1080": [10061] Connection refused  	[MsgId: MERR-27792]
Action.c(44): Error -26377: No match found for the requested parameter "userSession". Either the specified boundaries were not found in the response or the matched text is longer than current max html parameter size of 256 bytes. The total length of the response is 0 bytes. You can use "web_set_max_html_param_len" to increase the max parameter size.  	[MsgId: MERR-26377]
Action.c(44): Error -26366: "Text=A Session ID has been created" not found for web_reg_find  	[MsgId: MERR-26366]
Action.c(44): Error -26374: The above "not found" error(s) may be explained by header and body byte counts being 0 and 0, respectively.  	[MsgId: MERR-26374]
End auto log messages stack.	[MsgId: MMSG-10544]


