Start auto log messages stack - Iteration 4.	[MsgId: MMSG-10545]
Action.c(237): Notify: Transaction "FillThePaymentDetails" ended with a "Pass" status (Duration: 0,1147 Wasted Time: 0,0000).	[MsgId: MMSG-16871]
Action.c(239): lr_think_time: 5,00 seconds.	[MsgId: MMSG-15948]
Action.c(244): Notify: Transaction "SignOff" started.	[MsgId: MMSG-16999]
Action.c(246): web_add_header("Upgrade-Insecure-Requests") started  	[MsgId: MMSG-26355]
Action.c(246): web_add_header("Upgrade-Insecure-Requests") was successful  	[MsgId: MMSG-26392]
Action.c(251): web_reg_find started  	[MsgId: MMSG-26355]
Action.c(251): Registering web_reg_find was successful  	[MsgId: MMSG-26390]
Action.c(253): web_image("SignOff Button") started  	[MsgId: MMSG-26355]
Action.c(253): Image-linking to "http://localhost:1080/cgi-bin/welcome.pl?signOff=1", Target Frame="body"  	[MsgId: MMSG-27993]
Action.c(253): Error -26612: HTTP Status-Code=500 (Internal Server Error) for "http://localhost:1080/cgi-bin/welcome.pl?signOff=1"  	[MsgId: MERR-26612]
Action.c(253): Error -26366: "Text=Welcome to the Web Tours site." not found for web_reg_find  	[MsgId: MERR-26366]
End auto log messages stack.	[MsgId: MMSG-10544]


Start auto log messages stack - Iteration 5.	[MsgId: MMSG-10545]
Action.c(74): Registering web_reg_find was successful  	[MsgId: MMSG-26390]
Action.c(75): web_reg_find started  	[MsgId: MMSG-26355]
Action.c(75): Registering web_reg_find was successful  	[MsgId: MMSG-26390]
Action.c(77): web_submit_form("login.pl") started  	[MsgId: MMSG-26355]
Action.c(77): Submitting form to "http://localhost:1080/cgi-bin/login.pl", Target Frame="body"  	[MsgId: MMSG-27978]
Action.c(77): Detected non-resource "http://localhost:1080/cgi-bin/nav.pl?page=menu&in=home" in "http://localhost:1080/cgi-bin/login.pl"  	[MsgId: MMSG-26574]
Action.c(77): Detected non-resource "http://localhost:1080/cgi-bin/login.pl?intro=true" in "http://localhost:1080/cgi-bin/login.pl"  	[MsgId: MMSG-26574]
Action.c(77): Error -26612: HTTP Status-Code=500 (Internal Server Error) for "http://localhost:1080/cgi-bin/nav.pl?page=menu&in=home"  	[MsgId: MERR-26612]
End auto log messages stack.	[MsgId: MMSG-10544]


Start auto log messages stack - Iteration 6.	[MsgId: MMSG-10545]
Action.c(203): web_add_header("Origin") was successful  	[MsgId: MMSG-26392]
Action.c(208): web_reg_find started  	[MsgId: MMSG-26355]
Action.c(208): Registering web_reg_find was successful  	[MsgId: MMSG-26390]
Action.c(210): web_reg_find started  	[MsgId: MMSG-26355]
Action.c(210): Registering web_reg_find was successful  	[MsgId: MMSG-26390]
Action.c(212): web_reg_find started  	[MsgId: MMSG-26355]
Action.c(212): Registering web_reg_find was successful  	[MsgId: MMSG-26390]
Action.c(214): web_submit_form("reservations.pl") started  	[MsgId: MMSG-26355]
Action.c(214): Submitting form to "http://localhost:1080/cgi-bin/reservations.pl", Target Frame=""  	[MsgId: MMSG-27978]
Action.c(214): Error -26612: HTTP Status-Code=500 (Internal Server Error) for "http://localhost:1080/cgi-bin/reservations.pl"  	[MsgId: MERR-26612]
Action.c(214): Error -26366: "Text=Reservation Made!" not found for web_reg_find  	[MsgId: MERR-26366]
Action.c(214): Error -26366: "Text=leaves Frankfurt  for San Francisco" not found for web_reg_find  	[MsgId: MERR-26366]
Action.c(214): Error -26366: "Text=ScarJoh's Flight Invoice" not found for web_reg_find  	[MsgId: MERR-26366]
End auto log messages stack.	[MsgId: MMSG-10544]


Start auto log messages stack - Iteration 8.	[MsgId: MMSG-10545]
Action.c(44): Registering web_reg_find was successful  	[MsgId: MMSG-26390]
Action.c(46): web_url("webtours") started  	[MsgId: MMSG-26355]
Action.c(46): Detected non-resource "http://localhost:1080/webtours/header.html" in "http://localhost:1080/webtours/"  	[MsgId: MMSG-26574]
Action.c(46): Detected non-resource "http://localhost:1080/cgi-bin/welcome.pl?signOff=true" in "http://localhost:1080/webtours/"  	[MsgId: MMSG-26574]
Action.c(46): Found resource "http://localhost:1080/webtours/images/hp_logo.png" in HTML "http://localhost:1080/webtours/header.html"  	[MsgId: MMSG-26659]
Action.c(46): Found resource "http://localhost:1080/webtours/images/webtours.png" in HTML "http://localhost:1080/webtours/header.html"  	[MsgId: MMSG-26659]
Action.c(46): Error -26612: HTTP Status-Code=500 (Internal Server Error) for "http://localhost:1080/cgi-bin/welcome.pl?signOff=true"  	[MsgId: MERR-26612]
Action.c(46): Error -26377: No match found for the requested parameter "userSession". Either the specified boundaries were not found in the response or the matched text is longer than current max html parameter size of 256 bytes. The total length of the response is 6399 bytes. You can use "web_set_max_html_param_len" to increase the max parameter size.  	[MsgId: MERR-26377]
Action.c(46): Error -26366: "Text=A Session ID has been created" not found for web_reg_find  	[MsgId: MERR-26366]
End auto log messages stack.	[MsgId: MMSG-10544]


Start auto log messages stack - Iteration 15.	[MsgId: MMSG-10545]
Action.c(120): Detected non-resource "http://localhost:1080/cgi-bin/reservations.pl?page=welcome" in "http://localhost:1080/cgi-bin/welcome.pl?page=search"  	[MsgId: MMSG-26574]
Action.c(120): Found resource "http://localhost:1080/WebTours/images/in_flights.gif" in HTML "http://localhost:1080/cgi-bin/nav.pl?page=menu&in=flights"  	[MsgId: MMSG-26659]
Action.c(120): Resource "http://localhost:1080/WebTours/images/itinerary.gif" is in the cache already and will not be downloaded again  	[MsgId: MMSG-26655]
Action.c(120): Found resource "http://localhost:1080/WebTours/images/home.gif" in HTML "http://localhost:1080/cgi-bin/nav.pl?page=menu&in=flights"  	[MsgId: MMSG-26659]
Action.c(120): Resource "http://localhost:1080/WebTours/images/signoff.gif" is in the cache already and will not be downloaded again  	[MsgId: MMSG-26655]
Action.c(120): Error -26612: HTTP Status-Code=500 (Internal Server Error) for "http://localhost:1080/cgi-bin/reservations.pl?page=welcome"  	[MsgId: MERR-26612]
End auto log messages stack.	[MsgId: MMSG-10544]


Start auto log messages stack - Iteration 19.	[MsgId: MMSG-10545]
Action.c(134): web_add_auto_header("Origin") was successful  	[MsgId: MMSG-26392]
Action.c(139): web_reg_save_param_ex started  	[MsgId: MMSG-26355]
Action.c(139): Registering web_reg_save_param_ex was successful  	[MsgId: MMSG-26390]
Action.c(141): web_reg_find started  	[MsgId: MMSG-26355]
Action.c(141): Registering web_reg_find was successful  	[MsgId: MMSG-26390]
Action.c(142): web_reg_find started  	[MsgId: MMSG-26355]
Action.c(142): Registering web_reg_find was successful  	[MsgId: MMSG-26390]
Action.c(145): web_submit_form("reservations.pl") started  	[MsgId: MMSG-26355]
Action.c(145): Submitting form to "http://localhost:1080/cgi-bin/reservations.pl", Target Frame=""  	[MsgId: MMSG-27978]
Action.c(145): Error -26612: HTTP Status-Code=500 (Internal Server Error) for "http://localhost:1080/cgi-bin/reservations.pl"  	[MsgId: MERR-26612]
Action.c(145): Error -26377: No match found for the requested parameter "outboundFlight". Either the specified boundaries were not found in the response or the matched text is longer than current max html parameter size of 256 bytes. The total length of the response is 535 bytes. You can use "web_set_max_html_param_len" to increase the max parameter size.  	[MsgId: MERR-26377]
Action.c(145): Error -26366: "Text=Flight Selections" not found for web_reg_find  	[MsgId: MERR-26366]
Action.c(145): Error -26366: "Text=Flight departing from <B>San Francisco</B> to <B>London</B>" not found for web_reg_find  	[MsgId: MERR-26366]
End auto log messages stack.	[MsgId: MMSG-10544]


