Error: missing newline in E:\loadRunner\VuGen\Scripts\UC02_SearchForTicketWithNoPayment\..//users.dat	[MsgId: MERR-13874]
Error: missing newline in E:\loadRunner\VuGen\Scripts\UC02_SearchForTicketWithNoPayment\../users.dat	[MsgId: MERR-13874]
Start auto log messages stack - Iteration 1.	[MsgId: MMSG-10545]
Action.c(92): Registering web_reg_find was successful  	[MsgId: MMSG-26390]
Action.c(94): web_submit_form("login.pl") started  	[MsgId: MMSG-26355]
Action.c(94): Submitting form to "http://localhost:1080/cgi-bin/login.pl", Target Frame="body"  	[MsgId: MMSG-27978]
Action.c(94): Detected non-resource "http://localhost:1080/cgi-bin/nav.pl?username=bradpitt&password=password123" in "http://localhost:1080/cgi-bin/login.pl"  	[MsgId: MMSG-26574]
Action.c(94): Detected non-resource "http://localhost:1080/cgi-bin/error.pl?error=badPassword" in "http://localhost:1080/cgi-bin/login.pl"  	[MsgId: MMSG-26574]
Action.c(94): Resource "http://localhost:1080/WebTours/images/mer_login.gif" is in the cache already and will not be downloaded again  	[MsgId: MMSG-26655]
Action.c(94): Error -26366: "Text=User password was correct" not found for web_reg_find  	[MsgId: MERR-26366]
Action.c(94): Error -26366: "Text=Welcome, <b>bradpitt</b>, to the Web Tours reservation pages." not found for web_reg_find  	[MsgId: MERR-26366]
End auto log messages stack.	[MsgId: MMSG-10544]


Start auto log messages stack - Iteration 1.	[MsgId: MMSG-10545]
Action.c(92): Registering web_reg_find was successful  	[MsgId: MMSG-26390]
Action.c(94): web_submit_form("login.pl") started  	[MsgId: MMSG-26355]
Action.c(94): Submitting form to "http://localhost:1080/cgi-bin/login.pl", Target Frame="body"  	[MsgId: MMSG-27978]
Action.c(94): Detected non-resource "http://localhost:1080/cgi-bin/nav.pl?username=bradpitt&password=password123" in "http://localhost:1080/cgi-bin/login.pl"  	[MsgId: MMSG-26574]
Action.c(94): Detected non-resource "http://localhost:1080/cgi-bin/error.pl?error=badPassword" in "http://localhost:1080/cgi-bin/login.pl"  	[MsgId: MMSG-26574]
Action.c(94): Resource "http://localhost:1080/WebTours/images/mer_login.gif" is in the cache already and will not be downloaded again  	[MsgId: MMSG-26655]
Action.c(94): Error -26366: "Text=User password was correct" not found for web_reg_find  	[MsgId: MERR-26366]
Action.c(94): Error -26366: "Text=Welcome, <b>bradpitt</b>, to the Web Tours reservation pages." not found for web_reg_find  	[MsgId: MERR-26366]
End auto log messages stack.	[MsgId: MMSG-10544]


Start auto log messages stack - Iteration 2.	[MsgId: MMSG-10545]
Action.c(92): Registering web_reg_find was successful  	[MsgId: MMSG-26390]
Action.c(94): web_submit_form("login.pl") started  	[MsgId: MMSG-26355]
Action.c(94): Submitting form to "http://localhost:1080/cgi-bin/login.pl", Target Frame="body"  	[MsgId: MMSG-27978]
Action.c(94): Detected non-resource "http://localhost:1080/cgi-bin/nav.pl?username=georgeclooney&password=passw0rd!" in "http://localhost:1080/cgi-bin/login.pl"  	[MsgId: MMSG-26574]
Action.c(94): Detected non-resource "http://localhost:1080/cgi-bin/error.pl?error=badPassword" in "http://localhost:1080/cgi-bin/login.pl"  	[MsgId: MMSG-26574]
Action.c(94): Resource "http://localhost:1080/WebTours/images/mer_login.gif" is in the cache already and will not be downloaded again  	[MsgId: MMSG-26655]
Action.c(94): Error -26366: "Text=User password was correct" not found for web_reg_find  	[MsgId: MERR-26366]
Action.c(94): Error -26366: "Text=Welcome, <b>georgeclooney</b>, to the Web Tours reservation pages." not found for web_reg_find  	[MsgId: MERR-26366]
End auto log messages stack.	[MsgId: MMSG-10544]


Start auto log messages stack - Iteration 2.	[MsgId: MMSG-10545]
Action.c(92): Registering web_reg_find was successful  	[MsgId: MMSG-26390]
Action.c(94): web_submit_form("login.pl") started  	[MsgId: MMSG-26355]
Action.c(94): Submitting form to "http://localhost:1080/cgi-bin/login.pl", Target Frame="body"  	[MsgId: MMSG-27978]
Action.c(94): Detected non-resource "http://localhost:1080/cgi-bin/nav.pl?username=georgeclooney&password=passw0rd!" in "http://localhost:1080/cgi-bin/login.pl"  	[MsgId: MMSG-26574]
Action.c(94): Detected non-resource "http://localhost:1080/cgi-bin/error.pl?error=badPassword" in "http://localhost:1080/cgi-bin/login.pl"  	[MsgId: MMSG-26574]
Action.c(94): Resource "http://localhost:1080/WebTours/images/mer_login.gif" is in the cache already and will not be downloaded again  	[MsgId: MMSG-26655]
Action.c(94): Error -26366: "Text=User password was correct" not found for web_reg_find  	[MsgId: MERR-26366]
Action.c(94): Error -26366: "Text=Welcome, <b>georgeclooney</b>, to the Web Tours reservation pages." not found for web_reg_find  	[MsgId: MERR-26366]
End auto log messages stack.	[MsgId: MMSG-10544]


Start auto log messages stack - Iteration 3.	[MsgId: MMSG-10545]
Action.c(92): Registering web_reg_find was successful  	[MsgId: MMSG-26390]
Action.c(94): web_submit_form("login.pl") started  	[MsgId: MMSG-26355]
Action.c(94): Submitting form to "http://localhost:1080/cgi-bin/login.pl", Target Frame="body"  	[MsgId: MMSG-27978]
Action.c(94): Detected non-resource "http://localhost:1080/cgi-bin/nav.pl?username=angelinajolie&password=angie2024" in "http://localhost:1080/cgi-bin/login.pl"  	[MsgId: MMSG-26574]
Action.c(94): Detected non-resource "http://localhost:1080/cgi-bin/error.pl?error=badPassword" in "http://localhost:1080/cgi-bin/login.pl"  	[MsgId: MMSG-26574]
Action.c(94): Resource "http://localhost:1080/WebTours/images/mer_login.gif" is in the cache already and will not be downloaded again  	[MsgId: MMSG-26655]
Action.c(94): Error -26366: "Text=User password was correct" not found for web_reg_find  	[MsgId: MERR-26366]
Action.c(94): Error -26366: "Text=Welcome, <b>angelinajolie</b>, to the Web Tours reservation pages." not found for web_reg_find  	[MsgId: MERR-26366]
End auto log messages stack.	[MsgId: MMSG-10544]


Start auto log messages stack - Iteration 3.	[MsgId: MMSG-10545]
Action.c(92): Registering web_reg_find was successful  	[MsgId: MMSG-26390]
Action.c(94): web_submit_form("login.pl") started  	[MsgId: MMSG-26355]
Action.c(94): Submitting form to "http://localhost:1080/cgi-bin/login.pl", Target Frame="body"  	[MsgId: MMSG-27978]
Action.c(94): Detected non-resource "http://localhost:1080/cgi-bin/nav.pl?username=angelinajolie&password=angie2024" in "http://localhost:1080/cgi-bin/login.pl"  	[MsgId: MMSG-26574]
Action.c(94): Detected non-resource "http://localhost:1080/cgi-bin/error.pl?error=badPassword" in "http://localhost:1080/cgi-bin/login.pl"  	[MsgId: MMSG-26574]
Action.c(94): Resource "http://localhost:1080/WebTours/images/mer_login.gif" is in the cache already and will not be downloaded again  	[MsgId: MMSG-26655]
Action.c(94): Error -26366: "Text=User password was correct" not found for web_reg_find  	[MsgId: MERR-26366]
Action.c(94): Error -26366: "Text=Welcome, <b>angelinajolie</b>, to the Web Tours reservation pages." not found for web_reg_find  	[MsgId: MERR-26366]
End auto log messages stack.	[MsgId: MMSG-10544]


Start auto log messages stack - Iteration 4.	[MsgId: MMSG-10545]
Action.c(94): web_submit_form("login.pl") started  	[MsgId: MMSG-26355]
Action.c(94): Warning -27980: Value of "username" (length 16) truncated due to maxlength=14  	[MsgId: MWAR-27980]
Action.c(94): Submitting form to "http://localhost:1080/cgi-bin/login.pl", Target Frame="body"  	[MsgId: MMSG-27978]
Action.c(94): Detected non-resource "http://localhost:1080/cgi-bin/nav.pl?username=leonardodicapr&password=leo12345" in "http://localhost:1080/cgi-bin/login.pl"  	[MsgId: MMSG-26574]
Action.c(94): Detected non-resource "http://localhost:1080/cgi-bin/error.pl?error=badPassword" in "http://localhost:1080/cgi-bin/login.pl"  	[MsgId: MMSG-26574]
Action.c(94): Resource "http://localhost:1080/WebTours/images/mer_login.gif" is in the cache already and will not be downloaded again  	[MsgId: MMSG-26655]
Action.c(94): Error -26366: "Text=User password was correct" not found for web_reg_find  	[MsgId: MERR-26366]
Action.c(94): Error -26366: "Text=Welcome, <b>leonardodicaprio</b>, to the Web Tours reservation pages." not found for web_reg_find  	[MsgId: MERR-26366]
End auto log messages stack.	[MsgId: MMSG-10544]


Start auto log messages stack - Iteration 4.	[MsgId: MMSG-10545]
Action.c(94): web_submit_form("login.pl") started  	[MsgId: MMSG-26355]
Action.c(94): Warning -27980: Value of "username" (length 16) truncated due to maxlength=14  	[MsgId: MWAR-27980]
Action.c(94): Submitting form to "http://localhost:1080/cgi-bin/login.pl", Target Frame="body"  	[MsgId: MMSG-27978]
Action.c(94): Detected non-resource "http://localhost:1080/cgi-bin/nav.pl?username=leonardodicapr&password=leo12345" in "http://localhost:1080/cgi-bin/login.pl"  	[MsgId: MMSG-26574]
Action.c(94): Detected non-resource "http://localhost:1080/cgi-bin/error.pl?error=badPassword" in "http://localhost:1080/cgi-bin/login.pl"  	[MsgId: MMSG-26574]
Action.c(94): Resource "http://localhost:1080/WebTours/images/mer_login.gif" is in the cache already and will not be downloaded again  	[MsgId: MMSG-26655]
Action.c(94): Error -26366: "Text=User password was correct" not found for web_reg_find  	[MsgId: MERR-26366]
Action.c(94): Error -26366: "Text=Welcome, <b>leonardodicaprio</b>, to the Web Tours reservation pages." not found for web_reg_find  	[MsgId: MERR-26366]
End auto log messages stack.	[MsgId: MMSG-10544]


