Start auto log messages stack - Iteration 1.	[MsgId: MMSG-10545]
Action.c(92): Registering web_reg_find was successful  	[MsgId: MMSG-26390]
Action.c(94): web_submit_form("login.pl") started  	[MsgId: MMSG-26355]
Action.c(94): Submitting form to "http://localhost:1080/cgi-bin/login.pl", Target Frame="body"  	[MsgId: MMSG-27978]
Action.c(94): Detected non-resource "http://localhost:1080/cgi-bin/nav.pl?username=bradpitt&password=password123" in "http://localhost:1080/cgi-bin/login.pl"  	[MsgId: MMSG-26574]
Action.c(94): Detected non-resource "http://localhost:1080/cgi-bin/error.pl?error=badPassword" in "http://localhost:1080/cgi-bin/login.pl"  	[MsgId: MMSG-26574]
Action.c(94): Resource "http://localhost:1080/WebTours/images/mer_login.gif" is in the cache already and will not be downloaded again  	[MsgId: MMSG-26655]
Action.c(94): Error -26366: "Text=User password was correct" not found for web_reg_find  	[MsgId: MERR-26366]
Action.c(94): Error -26366: "Text=Welcome, <b>bradpitt</b>, to the Web Tours reservation pages." not found for web_reg_find  	[MsgId: MERR-26366]
End auto log messages stack.	[MsgId: MMSG-10544]


Start auto log messages stack - Iteration 1.	[MsgId: MMSG-10545]
Action.c(92): Registering web_reg_find was successful  	[MsgId: MMSG-26390]
Action.c(94): web_submit_form("login.pl") started  	[MsgId: MMSG-26355]
Action.c(94): Submitting form to "http://localhost:1080/cgi-bin/login.pl", Target Frame="body"  	[MsgId: MMSG-27978]
Action.c(94): Detected non-resource "http://localhost:1080/cgi-bin/nav.pl?username=bradpitt&password=password123" in "http://localhost:1080/cgi-bin/login.pl"  	[MsgId: MMSG-26574]
Action.c(94): Detected non-resource "http://localhost:1080/cgi-bin/error.pl?error=badPassword" in "http://localhost:1080/cgi-bin/login.pl"  	[MsgId: MMSG-26574]
Action.c(94): Resource "http://localhost:1080/WebTours/images/mer_login.gif" is in the cache already and will not be downloaded again  	[MsgId: MMSG-26655]
Action.c(94): Error -26366: "Text=User password was correct" not found for web_reg_find  	[MsgId: MERR-26366]
Action.c(94): Error -26366: "Text=Welcome, <b>bradpitt</b>, to the Web Tours reservation pages." not found for web_reg_find  	[MsgId: MERR-26366]
End auto log messages stack.	[MsgId: MMSG-10544]


