Error: missing newline in C:\Users\Алсу\OneDrive\Документы\VuGen\Scripts\UC02_SearchForTicketWithNoPayment\../users.dat	[MsgId: MERR-13874]
Start auto log messages stack - Iteration 2.	[MsgId: MMSG-10545]
Action.c(71): Registering web_reg_find was successful  	[MsgId: MMSG-26390]
Action.c(73): web_submit_form("login.pl") started  	[MsgId: MMSG-26355]
Action.c(73): Submitting form to "http://localhost:1080/cgi-bin/login.pl", Target Frame="body"  	[MsgId: MMSG-27978]
Action.c(73): Detected non-resource "http://localhost:1080/cgi-bin/nav.pl?username=abub&password=chuk" in "http://localhost:1080/cgi-bin/login.pl"  	[MsgId: MMSG-26574]
Action.c(73): Detected non-resource "http://localhost:1080/cgi-bin/error.pl?error=badPassword" in "http://localhost:1080/cgi-bin/login.pl"  	[MsgId: MMSG-26574]
Action.c(73): Resource "http://localhost:1080/WebTours/images/mer_login.gif" is in the cache already and will not be downloaded again  	[MsgId: MMSG-26655]
Action.c(73): Error -26366: "Text=User password was correct" not found for web_reg_find  	[MsgId: MERR-26366]
Action.c(73): Error -26366: "Text=Welcome, <b>abub</b>, to the Web Tours reservation pages." not found for web_reg_find  	[MsgId: MERR-26366]
End auto log messages stack.	[MsgId: MMSG-10544]


Start auto log messages stack - Iteration 3.	[MsgId: MMSG-10545]
Action.c(71): Registering web_reg_find was successful  	[MsgId: MMSG-26390]
Action.c(73): web_submit_form("login.pl") started  	[MsgId: MMSG-26355]
Action.c(73): Submitting form to "http://localhost:1080/cgi-bin/login.pl", Target Frame="body"  	[MsgId: MMSG-27978]
Action.c(73): Detected non-resource "http://localhost:1080/cgi-bin/nav.pl?username=jurub&password=bubuk" in "http://localhost:1080/cgi-bin/login.pl"  	[MsgId: MMSG-26574]
Action.c(73): Detected non-resource "http://localhost:1080/cgi-bin/error.pl?error=badPassword" in "http://localhost:1080/cgi-bin/login.pl"  	[MsgId: MMSG-26574]
Action.c(73): Resource "http://localhost:1080/WebTours/images/mer_login.gif" is in the cache already and will not be downloaded again  	[MsgId: MMSG-26655]
Action.c(73): Error -26366: "Text=User password was correct" not found for web_reg_find  	[MsgId: MERR-26366]
Action.c(73): Error -26366: "Text=Welcome, <b>jurub</b>, to the Web Tours reservation pages." not found for web_reg_find  	[MsgId: MERR-26366]
End auto log messages stack.	[MsgId: MMSG-10544]


Start auto log messages stack - Iteration 4.	[MsgId: MMSG-10545]
Action.c(71): Registering web_reg_find was successful  	[MsgId: MMSG-26390]
Action.c(73): web_submit_form("login.pl") started  	[MsgId: MMSG-26355]
Action.c(73): Submitting form to "http://localhost:1080/cgi-bin/login.pl", Target Frame="body"  	[MsgId: MMSG-27978]
Action.c(73): Detected non-resource "http://localhost:1080/cgi-bin/nav.pl?username=bolegardo&password=milansky" in "http://localhost:1080/cgi-bin/login.pl"  	[MsgId: MMSG-26574]
Action.c(73): Detected non-resource "http://localhost:1080/cgi-bin/error.pl?error=badPassword" in "http://localhost:1080/cgi-bin/login.pl"  	[MsgId: MMSG-26574]
Action.c(73): Resource "http://localhost:1080/WebTours/images/mer_login.gif" is in the cache already and will not be downloaded again  	[MsgId: MMSG-26655]
Action.c(73): Error -26366: "Text=User password was correct" not found for web_reg_find  	[MsgId: MERR-26366]
Action.c(73): Error -26366: "Text=Welcome, <b>bolegardo</b>, to the Web Tours reservation pages." not found for web_reg_find  	[MsgId: MERR-26366]
End auto log messages stack.	[MsgId: MMSG-10544]


Start auto log messages stack - Iteration 5.	[MsgId: MMSG-10545]
Action.c(71): Registering web_reg_find was successful  	[MsgId: MMSG-26390]
Action.c(73): web_submit_form("login.pl") started  	[MsgId: MMSG-26355]
Action.c(73): Submitting form to "http://localhost:1080/cgi-bin/login.pl", Target Frame="body"  	[MsgId: MMSG-27978]
Action.c(73): Detected non-resource "http://localhost:1080/cgi-bin/nav.pl?username=ivan&password=petrov" in "http://localhost:1080/cgi-bin/login.pl"  	[MsgId: MMSG-26574]
Action.c(73): Detected non-resource "http://localhost:1080/cgi-bin/error.pl?error=badPassword" in "http://localhost:1080/cgi-bin/login.pl"  	[MsgId: MMSG-26574]
Action.c(73): Resource "http://localhost:1080/WebTours/images/mer_login.gif" is in the cache already and will not be downloaded again  	[MsgId: MMSG-26655]
Action.c(73): Error -26366: "Text=User password was correct" not found for web_reg_find  	[MsgId: MERR-26366]
Action.c(73): Error -26366: "Text=Welcome, <b>ivan</b>, to the Web Tours reservation pages." not found for web_reg_find  	[MsgId: MERR-26366]
End auto log messages stack.	[MsgId: MMSG-10544]


Start auto log messages stack - Iteration 6.	[MsgId: MMSG-10545]
Action.c(71): Registering web_reg_find was successful  	[MsgId: MMSG-26390]
Action.c(73): web_submit_form("login.pl") started  	[MsgId: MMSG-26355]
Action.c(73): Submitting form to "http://localhost:1080/cgi-bin/login.pl", Target Frame="body"  	[MsgId: MMSG-27978]
Action.c(73): Detected non-resource "http://localhost:1080/cgi-bin/nav.pl?username=boris&password=britva" in "http://localhost:1080/cgi-bin/login.pl"  	[MsgId: MMSG-26574]
Action.c(73): Detected non-resource "http://localhost:1080/cgi-bin/error.pl?error=badPassword" in "http://localhost:1080/cgi-bin/login.pl"  	[MsgId: MMSG-26574]
Action.c(73): Resource "http://localhost:1080/WebTours/images/mer_login.gif" is in the cache already and will not be downloaded again  	[MsgId: MMSG-26655]
Action.c(73): Error -26366: "Text=User password was correct" not found for web_reg_find  	[MsgId: MERR-26366]
Action.c(73): Error -26366: "Text=Welcome, <b>boris</b>, to the Web Tours reservation pages." not found for web_reg_find  	[MsgId: MERR-26366]
End auto log messages stack.	[MsgId: MMSG-10544]


