Start auto log messages stack - Iteration 1.	[MsgId: MMSG-10545]
Action.c(154):     kquote>\n
Action.c(154):     </body>\n
Action.c(154):     </html>\n
Action.c(154): Resource "http://localhost:1080/WebTours/profileValidate.js" is in the cache already and will not be downloaded again  	[MsgId: MMSG-26655]
Action.c(154): Resource "http://localhost:1080/WebTours/images/button_next.gif" is in the cache already and will not be downloaded again  	[MsgId: MMSG-26655]
Action.c(154): t=17480ms: 5-byte chunked response overhead for "http://localhost:1080/cgi-bin/login.pl" (RelFrameId=1, Internal ID=12)
Action.c(154):     0\r\n
Action.c(154):     \r\n
Action.c(154): t=17481ms: Request done "http://localhost:1080/cgi-bin/login.pl"  	[MsgId: MMSG-26000]
Action.c(154): Error -26366: "Text=Thank you, <b>Qnszp</b>, for registering and welcome to the Web Tours family." not found for web_reg_find  	[MsgId: MERR-26366]
End auto log messages stack.	[MsgId: MMSG-10544]


Start auto log messages stack - Iteration 2.	[MsgId: MMSG-10545]
Action.c(154):     kquote>\n
Action.c(154):     </body>\n
Action.c(154):     </html>\n
Action.c(154): Resource "http://localhost:1080/WebTours/profileValidate.js" is in the cache already and will not be downloaded again  	[MsgId: MMSG-26655]
Action.c(154): Resource "http://localhost:1080/WebTours/images/button_next.gif" is in the cache already and will not be downloaded again  	[MsgId: MMSG-26655]
Action.c(154): t=95497ms: 5-byte chunked response overhead for "http://localhost:1080/cgi-bin/login.pl" (RelFrameId=1, Internal ID=24)
Action.c(154):     0\r\n
Action.c(154):     \r\n
Action.c(154): t=95497ms: Request done "http://localhost:1080/cgi-bin/login.pl"  	[MsgId: MMSG-26000]
Action.c(154): Error -26366: "Text=Thank you, <b>mHdZq</b>, for registering and welcome to the Web Tours family." not found for web_reg_find  	[MsgId: MERR-26366]
End auto log messages stack.	[MsgId: MMSG-10544]


Start auto log messages stack - Iteration 3.	[MsgId: MMSG-10545]
Action.c(154):     kquote>\n
Action.c(154):     </body>\n
Action.c(154):     </html>\n
Action.c(154): Resource "http://localhost:1080/WebTours/profileValidate.js" is in the cache already and will not be downloaded again  	[MsgId: MMSG-26655]
Action.c(154): Resource "http://localhost:1080/WebTours/images/button_next.gif" is in the cache already and will not be downloaded again  	[MsgId: MMSG-26655]
Action.c(154): t=173497ms: 5-byte chunked response overhead for "http://localhost:1080/cgi-bin/login.pl" (RelFrameId=1, Internal ID=36)
Action.c(154):     0\r\n
Action.c(154):     \r\n
Action.c(154): t=173497ms: Request done "http://localhost:1080/cgi-bin/login.pl"  	[MsgId: MMSG-26000]
Action.c(154): Error -26366: "Text=Thank you, <b>UojTY</b>, for registering and welcome to the Web Tours family." not found for web_reg_find  	[MsgId: MERR-26366]
End auto log messages stack.	[MsgId: MMSG-10544]


Start auto log messages stack - Iteration 4.	[MsgId: MMSG-10545]
Action.c(154):     kquote>\n
Action.c(154):     </body>\n
Action.c(154):     </html>\n
Action.c(154): Resource "http://localhost:1080/WebTours/profileValidate.js" is in the cache already and will not be downloaded again  	[MsgId: MMSG-26655]
Action.c(154): Resource "http://localhost:1080/WebTours/images/button_next.gif" is in the cache already and will not be downloaded again  	[MsgId: MMSG-26655]
Action.c(154): t=251521ms: 5-byte chunked response overhead for "http://localhost:1080/cgi-bin/login.pl" (RelFrameId=1, Internal ID=48)
Action.c(154):     0\r\n
Action.c(154):     \r\n
Action.c(154): t=251521ms: Request done "http://localhost:1080/cgi-bin/login.pl"  	[MsgId: MMSG-26000]
Action.c(154): Error -26366: "Text=Thank you, <b>GUuwh</b>, for registering and welcome to the Web Tours family." not found for web_reg_find  	[MsgId: MERR-26366]
End auto log messages stack.	[MsgId: MMSG-10544]


Start auto log messages stack - Iteration 5.	[MsgId: MMSG-10545]
Action.c(154):     kquote>\n
Action.c(154):     </body>\n
Action.c(154):     </html>\n
Action.c(154): Resource "http://localhost:1080/WebTours/profileValidate.js" is in the cache already and will not be downloaded again  	[MsgId: MMSG-26655]
Action.c(154): Resource "http://localhost:1080/WebTours/images/button_next.gif" is in the cache already and will not be downloaded again  	[MsgId: MMSG-26655]
Action.c(154): t=329501ms: 5-byte chunked response overhead for "http://localhost:1080/cgi-bin/login.pl" (RelFrameId=1, Internal ID=60)
Action.c(154):     0\r\n
Action.c(154):     \r\n
Action.c(154): t=329501ms: Request done "http://localhost:1080/cgi-bin/login.pl"  	[MsgId: MMSG-26000]
Action.c(154): Error -26366: "Text=Thank you, <b>MuFOh</b>, for registering and welcome to the Web Tours family." not found for web_reg_find  	[MsgId: MERR-26366]
End auto log messages stack.	[MsgId: MMSG-10544]


Start auto log messages stack - Iteration 6.	[MsgId: MMSG-10545]
Action.c(154):     kquote>\n
Action.c(154):     </body>\n
Action.c(154):     </html>\n
Action.c(154): Resource "http://localhost:1080/WebTours/profileValidate.js" is in the cache already and will not be downloaded again  	[MsgId: MMSG-26655]
Action.c(154): Resource "http://localhost:1080/WebTours/images/button_next.gif" is in the cache already and will not be downloaded again  	[MsgId: MMSG-26655]
Action.c(154): t=407531ms: 5-byte chunked response overhead for "http://localhost:1080/cgi-bin/login.pl" (RelFrameId=1, Internal ID=72)
Action.c(154):     0\r\n
Action.c(154):     \r\n
Action.c(154): t=407531ms: Request done "http://localhost:1080/cgi-bin/login.pl"  	[MsgId: MMSG-26000]
Action.c(154): Error -26366: "Text=Thank you, <b>yUfmo</b>, for registering and welcome to the Web Tours family." not found for web_reg_find  	[MsgId: MERR-26366]
End auto log messages stack.	[MsgId: MMSG-10544]


