Start auto log messages stack - Iteration 1.	[MsgId: MMSG-10545]
Action.c(147): web_add_auto_header("Upgrade-Insecure-Requests") was successful  	[MsgId: MMSG-26392]
Action.c(152): web_reg_find started  	[MsgId: MMSG-26355]
Action.c(152): Registering web_reg_find was successful  	[MsgId: MMSG-26390]
Action.c(154): web_submit_form("login.pl") started  	[MsgId: MMSG-26355]
Action.c(154): Submitting form to "http://localhost:1080/cgi-bin/login.pl", Target Frame="info"  	[MsgId: MMSG-27978]
Action.c(154): Resource "http://localhost:1080/WebTours/profileValidate.js" is in the cache already and will not be downloaded again  	[MsgId: MMSG-26655]
Action.c(154): Resource "http://localhost:1080/WebTours/images/button_next.gif" is in the cache already and will not be downloaded again  	[MsgId: MMSG-26655]
Action.c(154): Error -26366: "Text=Thank you, <b>BKUAO</b>, for registering and welcome to the Web Tours family." not found for web_reg_find  	[MsgId: MERR-26366]
End auto log messages stack.	[MsgId: MMSG-10544]


Start auto log messages stack - Iteration 2.	[MsgId: MMSG-10545]
Action.c(147): web_add_auto_header("Upgrade-Insecure-Requests") was successful  	[MsgId: MMSG-26392]
Action.c(152): web_reg_find started  	[MsgId: MMSG-26355]
Action.c(152): Registering web_reg_find was successful  	[MsgId: MMSG-26390]
Action.c(154): web_submit_form("login.pl") started  	[MsgId: MMSG-26355]
Action.c(154): Submitting form to "http://localhost:1080/cgi-bin/login.pl", Target Frame="info"  	[MsgId: MMSG-27978]
Action.c(154): Resource "http://localhost:1080/WebTours/profileValidate.js" is in the cache already and will not be downloaded again  	[MsgId: MMSG-26655]
Action.c(154): Resource "http://localhost:1080/WebTours/images/button_next.gif" is in the cache already and will not be downloaded again  	[MsgId: MMSG-26655]
Action.c(154): Error -26366: "Text=Thank you, <b>svWox</b>, for registering and welcome to the Web Tours family." not found for web_reg_find  	[MsgId: MERR-26366]
End auto log messages stack.	[MsgId: MMSG-10544]


Start auto log messages stack - Iteration 3.	[MsgId: MMSG-10545]
Action.c(147): web_add_auto_header("Upgrade-Insecure-Requests") was successful  	[MsgId: MMSG-26392]
Action.c(152): web_reg_find started  	[MsgId: MMSG-26355]
Action.c(152): Registering web_reg_find was successful  	[MsgId: MMSG-26390]
Action.c(154): web_submit_form("login.pl") started  	[MsgId: MMSG-26355]
Action.c(154): Submitting form to "http://localhost:1080/cgi-bin/login.pl", Target Frame="info"  	[MsgId: MMSG-27978]
Action.c(154): Resource "http://localhost:1080/WebTours/profileValidate.js" is in the cache already and will not be downloaded again  	[MsgId: MMSG-26655]
Action.c(154): Resource "http://localhost:1080/WebTours/images/button_next.gif" is in the cache already and will not be downloaded again  	[MsgId: MMSG-26655]
Action.c(154): Error -26366: "Text=Thank you, <b>mMrsR</b>, for registering and welcome to the Web Tours family." not found for web_reg_find  	[MsgId: MERR-26366]
End auto log messages stack.	[MsgId: MMSG-10544]


Start auto log messages stack - Iteration 4.	[MsgId: MMSG-10545]
Action.c(147): web_add_auto_header("Upgrade-Insecure-Requests") was successful  	[MsgId: MMSG-26392]
Action.c(152): web_reg_find started  	[MsgId: MMSG-26355]
Action.c(152): Registering web_reg_find was successful  	[MsgId: MMSG-26390]
Action.c(154): web_submit_form("login.pl") started  	[MsgId: MMSG-26355]
Action.c(154): Submitting form to "http://localhost:1080/cgi-bin/login.pl", Target Frame="info"  	[MsgId: MMSG-27978]
Action.c(154): Resource "http://localhost:1080/WebTours/profileValidate.js" is in the cache already and will not be downloaded again  	[MsgId: MMSG-26655]
Action.c(154): Resource "http://localhost:1080/WebTours/images/button_next.gif" is in the cache already and will not be downloaded again  	[MsgId: MMSG-26655]
Action.c(154): Error -26366: "Text=Thank you, <b>bFGDo</b>, for registering and welcome to the Web Tours family." not found for web_reg_find  	[MsgId: MERR-26366]
End auto log messages stack.	[MsgId: MMSG-10544]


Start auto log messages stack - Iteration 5.	[MsgId: MMSG-10545]
Action.c(147): web_add_auto_header("Upgrade-Insecure-Requests") was successful  	[MsgId: MMSG-26392]
Action.c(152): web_reg_find started  	[MsgId: MMSG-26355]
Action.c(152): Registering web_reg_find was successful  	[MsgId: MMSG-26390]
Action.c(154): web_submit_form("login.pl") started  	[MsgId: MMSG-26355]
Action.c(154): Submitting form to "http://localhost:1080/cgi-bin/login.pl", Target Frame="info"  	[MsgId: MMSG-27978]
Action.c(154): Resource "http://localhost:1080/WebTours/profileValidate.js" is in the cache already and will not be downloaded again  	[MsgId: MMSG-26655]
Action.c(154): Resource "http://localhost:1080/WebTours/images/button_next.gif" is in the cache already and will not be downloaded again  	[MsgId: MMSG-26655]
Action.c(154): Error -26366: "Text=Thank you, <b>TUxJH</b>, for registering and welcome to the Web Tours family." not found for web_reg_find  	[MsgId: MERR-26366]
End auto log messages stack.	[MsgId: MMSG-10544]


Start auto log messages stack - Iteration 6.	[MsgId: MMSG-10545]
Action.c(147): web_add_auto_header("Upgrade-Insecure-Requests") was successful  	[MsgId: MMSG-26392]
Action.c(152): web_reg_find started  	[MsgId: MMSG-26355]
Action.c(152): Registering web_reg_find was successful  	[MsgId: MMSG-26390]
Action.c(154): web_submit_form("login.pl") started  	[MsgId: MMSG-26355]
Action.c(154): Submitting form to "http://localhost:1080/cgi-bin/login.pl", Target Frame="info"  	[MsgId: MMSG-27978]
Action.c(154): Resource "http://localhost:1080/WebTours/profileValidate.js" is in the cache already and will not be downloaded again  	[MsgId: MMSG-26655]
Action.c(154): Resource "http://localhost:1080/WebTours/images/button_next.gif" is in the cache already and will not be downloaded again  	[MsgId: MMSG-26655]
Action.c(154): Error -26366: "Text=Thank you, <b>NdlKP</b>, for registering and welcome to the Web Tours family." not found for web_reg_find  	[MsgId: MERR-26366]
End auto log messages stack.	[MsgId: MMSG-10544]


Start auto log messages stack - Iteration 7.	[MsgId: MMSG-10545]
Action.c(147): web_add_auto_header("Upgrade-Insecure-Requests") was successful  	[MsgId: MMSG-26392]
Action.c(152): web_reg_find started  	[MsgId: MMSG-26355]
Action.c(152): Registering web_reg_find was successful  	[MsgId: MMSG-26390]
Action.c(154): web_submit_form("login.pl") started  	[MsgId: MMSG-26355]
Action.c(154): Submitting form to "http://localhost:1080/cgi-bin/login.pl", Target Frame="info"  	[MsgId: MMSG-27978]
Action.c(154): Resource "http://localhost:1080/WebTours/profileValidate.js" is in the cache already and will not be downloaded again  	[MsgId: MMSG-26655]
Action.c(154): Resource "http://localhost:1080/WebTours/images/button_next.gif" is in the cache already and will not be downloaded again  	[MsgId: MMSG-26655]
Action.c(154): Error -26366: "Text=Thank you, <b>zgeug</b>, for registering and welcome to the Web Tours family." not found for web_reg_find  	[MsgId: MERR-26366]
End auto log messages stack.	[MsgId: MMSG-10544]


Start auto log messages stack - Iteration 8.	[MsgId: MMSG-10545]
Action.c(147): web_add_auto_header("Upgrade-Insecure-Requests") was successful  	[MsgId: MMSG-26392]
Action.c(152): web_reg_find started  	[MsgId: MMSG-26355]
Action.c(152): Registering web_reg_find was successful  	[MsgId: MMSG-26390]
Action.c(154): web_submit_form("login.pl") started  	[MsgId: MMSG-26355]
Action.c(154): Submitting form to "http://localhost:1080/cgi-bin/login.pl", Target Frame="info"  	[MsgId: MMSG-27978]
Action.c(154): Resource "http://localhost:1080/WebTours/profileValidate.js" is in the cache already and will not be downloaded again  	[MsgId: MMSG-26655]
Action.c(154): Resource "http://localhost:1080/WebTours/images/button_next.gif" is in the cache already and will not be downloaded again  	[MsgId: MMSG-26655]
Action.c(154): Error -26366: "Text=Thank you, <b>YsUdS</b>, for registering and welcome to the Web Tours family." not found for web_reg_find  	[MsgId: MERR-26366]
End auto log messages stack.	[MsgId: MMSG-10544]


Start auto log messages stack - Iteration 9.	[MsgId: MMSG-10545]
Action.c(147): web_add_auto_header("Upgrade-Insecure-Requests") was successful  	[MsgId: MMSG-26392]
Action.c(152): web_reg_find started  	[MsgId: MMSG-26355]
Action.c(152): Registering web_reg_find was successful  	[MsgId: MMSG-26390]
Action.c(154): web_submit_form("login.pl") started  	[MsgId: MMSG-26355]
Action.c(154): Submitting form to "http://localhost:1080/cgi-bin/login.pl", Target Frame="info"  	[MsgId: MMSG-27978]
Action.c(154): Resource "http://localhost:1080/WebTours/profileValidate.js" is in the cache already and will not be downloaded again  	[MsgId: MMSG-26655]
Action.c(154): Resource "http://localhost:1080/WebTours/images/button_next.gif" is in the cache already and will not be downloaded again  	[MsgId: MMSG-26655]
Action.c(154): Error -26366: "Text=Thank you, <b>TThxD</b>, for registering and welcome to the Web Tours family." not found for web_reg_find  	[MsgId: MERR-26366]
End auto log messages stack.	[MsgId: MMSG-10544]


Start auto log messages stack - Iteration 10.	[MsgId: MMSG-10545]
Action.c(147): web_add_auto_header("Upgrade-Insecure-Requests") was successful  	[MsgId: MMSG-26392]
Action.c(152): web_reg_find started  	[MsgId: MMSG-26355]
Action.c(152): Registering web_reg_find was successful  	[MsgId: MMSG-26390]
Action.c(154): web_submit_form("login.pl") started  	[MsgId: MMSG-26355]
Action.c(154): Submitting form to "http://localhost:1080/cgi-bin/login.pl", Target Frame="info"  	[MsgId: MMSG-27978]
Action.c(154): Resource "http://localhost:1080/WebTours/profileValidate.js" is in the cache already and will not be downloaded again  	[MsgId: MMSG-26655]
Action.c(154): Resource "http://localhost:1080/WebTours/images/button_next.gif" is in the cache already and will not be downloaded again  	[MsgId: MMSG-26655]
Action.c(154): Error -26366: "Text=Thank you, <b>blCWs</b>, for registering and welcome to the Web Tours family." not found for web_reg_find  	[MsgId: MERR-26366]
End auto log messages stack.	[MsgId: MMSG-10544]


Start auto log messages stack - Iteration 11.	[MsgId: MMSG-10545]
Action.c(147): web_add_auto_header("Upgrade-Insecure-Requests") was successful  	[MsgId: MMSG-26392]
Action.c(152): web_reg_find started  	[MsgId: MMSG-26355]
Action.c(152): Registering web_reg_find was successful  	[MsgId: MMSG-26390]
Action.c(154): web_submit_form("login.pl") started  	[MsgId: MMSG-26355]
Action.c(154): Submitting form to "http://localhost:1080/cgi-bin/login.pl", Target Frame="info"  	[MsgId: MMSG-27978]
Action.c(154): Resource "http://localhost:1080/WebTours/profileValidate.js" is in the cache already and will not be downloaded again  	[MsgId: MMSG-26655]
Action.c(154): Resource "http://localhost:1080/WebTours/images/button_next.gif" is in the cache already and will not be downloaded again  	[MsgId: MMSG-26655]
Action.c(154): Error -26366: "Text=Thank you, <b>JRYui</b>, for registering and welcome to the Web Tours family." not found for web_reg_find  	[MsgId: MERR-26366]
End auto log messages stack.	[MsgId: MMSG-10544]


Start auto log messages stack - Iteration 12.	[MsgId: MMSG-10545]
Action.c(147): web_add_auto_header("Upgrade-Insecure-Requests") was successful  	[MsgId: MMSG-26392]
Action.c(152): web_reg_find started  	[MsgId: MMSG-26355]
Action.c(152): Registering web_reg_find was successful  	[MsgId: MMSG-26390]
Action.c(154): web_submit_form("login.pl") started  	[MsgId: MMSG-26355]
Action.c(154): Submitting form to "http://localhost:1080/cgi-bin/login.pl", Target Frame="info"  	[MsgId: MMSG-27978]
Action.c(154): Resource "http://localhost:1080/WebTours/profileValidate.js" is in the cache already and will not be downloaded again  	[MsgId: MMSG-26655]
Action.c(154): Resource "http://localhost:1080/WebTours/images/button_next.gif" is in the cache already and will not be downloaded again  	[MsgId: MMSG-26655]
Action.c(154): Error -26366: "Text=Thank you, <b>PnsWp</b>, for registering and welcome to the Web Tours family." not found for web_reg_find  	[MsgId: MERR-26366]
End auto log messages stack.	[MsgId: MMSG-10544]


Start auto log messages stack - Iteration 13.	[MsgId: MMSG-10545]
Action.c(147): web_add_auto_header("Upgrade-Insecure-Requests") was successful  	[MsgId: MMSG-26392]
Action.c(152): web_reg_find started  	[MsgId: MMSG-26355]
Action.c(152): Registering web_reg_find was successful  	[MsgId: MMSG-26390]
Action.c(154): web_submit_form("login.pl") started  	[MsgId: MMSG-26355]
Action.c(154): Submitting form to "http://localhost:1080/cgi-bin/login.pl", Target Frame="info"  	[MsgId: MMSG-27978]
Action.c(154): Resource "http://localhost:1080/WebTours/profileValidate.js" is in the cache already and will not be downloaded again  	[MsgId: MMSG-26655]
Action.c(154): Resource "http://localhost:1080/WebTours/images/button_next.gif" is in the cache already and will not be downloaded again  	[MsgId: MMSG-26655]
Action.c(154): Error -26366: "Text=Thank you, <b>MZRFM</b>, for registering and welcome to the Web Tours family." not found for web_reg_find  	[MsgId: MERR-26366]
End auto log messages stack.	[MsgId: MMSG-10544]


Start auto log messages stack - Iteration 14.	[MsgId: MMSG-10545]
Action.c(147): web_add_auto_header("Upgrade-Insecure-Requests") was successful  	[MsgId: MMSG-26392]
Action.c(152): web_reg_find started  	[MsgId: MMSG-26355]
Action.c(152): Registering web_reg_find was successful  	[MsgId: MMSG-26390]
Action.c(154): web_submit_form("login.pl") started  	[MsgId: MMSG-26355]
Action.c(154): Submitting form to "http://localhost:1080/cgi-bin/login.pl", Target Frame="info"  	[MsgId: MMSG-27978]
Action.c(154): Resource "http://localhost:1080/WebTours/profileValidate.js" is in the cache already and will not be downloaded again  	[MsgId: MMSG-26655]
Action.c(154): Resource "http://localhost:1080/WebTours/images/button_next.gif" is in the cache already and will not be downloaded again  	[MsgId: MMSG-26655]
Action.c(154): Error -26366: "Text=Thank you, <b>MoRWD</b>, for registering and welcome to the Web Tours family." not found for web_reg_find  	[MsgId: MERR-26366]
End auto log messages stack.	[MsgId: MMSG-10544]


Start auto log messages stack - Iteration 15.	[MsgId: MMSG-10545]
Action.c(147): web_add_auto_header("Upgrade-Insecure-Requests") was successful  	[MsgId: MMSG-26392]
Action.c(152): web_reg_find started  	[MsgId: MMSG-26355]
Action.c(152): Registering web_reg_find was successful  	[MsgId: MMSG-26390]
Action.c(154): web_submit_form("login.pl") started  	[MsgId: MMSG-26355]
Action.c(154): Submitting form to "http://localhost:1080/cgi-bin/login.pl", Target Frame="info"  	[MsgId: MMSG-27978]
Action.c(154): Resource "http://localhost:1080/WebTours/profileValidate.js" is in the cache already and will not be downloaded again  	[MsgId: MMSG-26655]
Action.c(154): Resource "http://localhost:1080/WebTours/images/button_next.gif" is in the cache already and will not be downloaded again  	[MsgId: MMSG-26655]
Action.c(154): Error -26366: "Text=Thank you, <b>XZHrZ</b>, for registering and welcome to the Web Tours family." not found for web_reg_find  	[MsgId: MERR-26366]
End auto log messages stack.	[MsgId: MMSG-10544]


Start auto log messages stack - Iteration 16.	[MsgId: MMSG-10545]
Action.c(147): web_add_auto_header("Upgrade-Insecure-Requests") was successful  	[MsgId: MMSG-26392]
Action.c(152): web_reg_find started  	[MsgId: MMSG-26355]
Action.c(152): Registering web_reg_find was successful  	[MsgId: MMSG-26390]
Action.c(154): web_submit_form("login.pl") started  	[MsgId: MMSG-26355]
Action.c(154): Submitting form to "http://localhost:1080/cgi-bin/login.pl", Target Frame="info"  	[MsgId: MMSG-27978]
Action.c(154): Resource "http://localhost:1080/WebTours/profileValidate.js" is in the cache already and will not be downloaded again  	[MsgId: MMSG-26655]
Action.c(154): Resource "http://localhost:1080/WebTours/images/button_next.gif" is in the cache already and will not be downloaded again  	[MsgId: MMSG-26655]
Action.c(154): Error -26366: "Text=Thank you, <b>MNUGk</b>, for registering and welcome to the Web Tours family." not found for web_reg_find  	[MsgId: MERR-26366]
End auto log messages stack.	[MsgId: MMSG-10544]


Start auto log messages stack - Iteration 17.	[MsgId: MMSG-10545]
Action.c(147): web_add_auto_header("Upgrade-Insecure-Requests") was successful  	[MsgId: MMSG-26392]
Action.c(152): web_reg_find started  	[MsgId: MMSG-26355]
Action.c(152): Registering web_reg_find was successful  	[MsgId: MMSG-26390]
Action.c(154): web_submit_form("login.pl") started  	[MsgId: MMSG-26355]
Action.c(154): Submitting form to "http://localhost:1080/cgi-bin/login.pl", Target Frame="info"  	[MsgId: MMSG-27978]
Action.c(154): Resource "http://localhost:1080/WebTours/profileValidate.js" is in the cache already and will not be downloaded again  	[MsgId: MMSG-26655]
Action.c(154): Resource "http://localhost:1080/WebTours/images/button_next.gif" is in the cache already and will not be downloaded again  	[MsgId: MMSG-26655]
Action.c(154): Error -26366: "Text=Thank you, <b>mPJor</b>, for registering and welcome to the Web Tours family." not found for web_reg_find  	[MsgId: MERR-26366]
End auto log messages stack.	[MsgId: MMSG-10544]


