Error: missing newline in C:\Users\MASLENOK\Documents\VuGen\Scripts\UC06_Registration\../users.dat	[MsgId: MERR-13874]
Start auto log messages stack - Iteration 1.	[MsgId: MMSG-10545]
Action.c(147): web_add_auto_header("Upgrade-Insecure-Requests") was successful  	[MsgId: MMSG-26392]
Action.c(152): web_reg_find started  	[MsgId: MMSG-26355]
Action.c(152): Registering web_reg_find was successful  	[MsgId: MMSG-26390]
Action.c(154): web_submit_form("login.pl") started  	[MsgId: MMSG-26355]
Action.c(154): Submitting form to "http://localhost:1080/cgi-bin/login.pl", Target Frame="info"  	[MsgId: MMSG-27978]
Action.c(154): Resource "http://localhost:1080/WebTours/profileValidate.js" is in the cache already and will not be downloaded again  	[MsgId: MMSG-26655]
Action.c(154): Resource "http://localhost:1080/WebTours/images/button_next.gif" is in the cache already and will not be downloaded again  	[MsgId: MMSG-26655]
Action.c(154): Error -26366: "Text=Thank you, <b>RwSSk</b>, for registering and welcome to the Web Tours family." not found for web_reg_find  	[MsgId: MERR-26366]
End auto log messages stack.	[MsgId: MMSG-10544]


Start auto log messages stack - Iteration 2.	[MsgId: MMSG-10545]
Action.c(147): web_add_auto_header("Upgrade-Insecure-Requests") was successful  	[MsgId: MMSG-26392]
Action.c(152): web_reg_find started  	[MsgId: MMSG-26355]
Action.c(152): Registering web_reg_find was successful  	[MsgId: MMSG-26390]
Action.c(154): web_submit_form("login.pl") started  	[MsgId: MMSG-26355]
Action.c(154): Submitting form to "http://localhost:1080/cgi-bin/login.pl", Target Frame="info"  	[MsgId: MMSG-27978]
Action.c(154): Resource "http://localhost:1080/WebTours/profileValidate.js" is in the cache already and will not be downloaded again  	[MsgId: MMSG-26655]
Action.c(154): Resource "http://localhost:1080/WebTours/images/button_next.gif" is in the cache already and will not be downloaded again  	[MsgId: MMSG-26655]
Action.c(154): Error -26366: "Text=Thank you, <b>eksZ8</b>, for registering and welcome to the Web Tours family." not found for web_reg_find  	[MsgId: MERR-26366]
End auto log messages stack.	[MsgId: MMSG-10544]


Start auto log messages stack - Iteration 3.	[MsgId: MMSG-10545]
Action.c(147): web_add_auto_header("Upgrade-Insecure-Requests") was successful  	[MsgId: MMSG-26392]
Action.c(152): web_reg_find started  	[MsgId: MMSG-26355]
Action.c(152): Registering web_reg_find was successful  	[MsgId: MMSG-26390]
Action.c(154): web_submit_form("login.pl") started  	[MsgId: MMSG-26355]
Action.c(154): Submitting form to "http://localhost:1080/cgi-bin/login.pl", Target Frame="info"  	[MsgId: MMSG-27978]
Action.c(154): Resource "http://localhost:1080/WebTours/profileValidate.js" is in the cache already and will not be downloaded again  	[MsgId: MMSG-26655]
Action.c(154): Resource "http://localhost:1080/WebTours/images/button_next.gif" is in the cache already and will not be downloaded again  	[MsgId: MMSG-26655]
Action.c(154): Error -26366: "Text=Thank you, <b>uC8Vk</b>, for registering and welcome to the Web Tours family." not found for web_reg_find  	[MsgId: MERR-26366]
End auto log messages stack.	[MsgId: MMSG-10544]


Start auto log messages stack - Iteration 4.	[MsgId: MMSG-10545]
Action.c(147): web_add_auto_header("Upgrade-Insecure-Requests") was successful  	[MsgId: MMSG-26392]
Action.c(152): web_reg_find started  	[MsgId: MMSG-26355]
Action.c(152): Registering web_reg_find was successful  	[MsgId: MMSG-26390]
Action.c(154): web_submit_form("login.pl") started  	[MsgId: MMSG-26355]
Action.c(154): Submitting form to "http://localhost:1080/cgi-bin/login.pl", Target Frame="info"  	[MsgId: MMSG-27978]
Action.c(154): Resource "http://localhost:1080/WebTours/profileValidate.js" is in the cache already and will not be downloaded again  	[MsgId: MMSG-26655]
Action.c(154): Resource "http://localhost:1080/WebTours/images/button_next.gif" is in the cache already and will not be downloaded again  	[MsgId: MMSG-26655]
Action.c(154): Error -26366: "Text=Thank you, <b>G04iF</b>, for registering and welcome to the Web Tours family." not found for web_reg_find  	[MsgId: MERR-26366]
End auto log messages stack.	[MsgId: MMSG-10544]


Start auto log messages stack - Iteration 5.	[MsgId: MMSG-10545]
Action.c(147): web_add_auto_header("Upgrade-Insecure-Requests") was successful  	[MsgId: MMSG-26392]
Action.c(152): web_reg_find started  	[MsgId: MMSG-26355]
Action.c(152): Registering web_reg_find was successful  	[MsgId: MMSG-26390]
Action.c(154): web_submit_form("login.pl") started  	[MsgId: MMSG-26355]
Action.c(154): Submitting form to "http://localhost:1080/cgi-bin/login.pl", Target Frame="info"  	[MsgId: MMSG-27978]
Action.c(154): Resource "http://localhost:1080/WebTours/profileValidate.js" is in the cache already and will not be downloaded again  	[MsgId: MMSG-26655]
Action.c(154): Resource "http://localhost:1080/WebTours/images/button_next.gif" is in the cache already and will not be downloaded again  	[MsgId: MMSG-26655]
Action.c(154): Error -26366: "Text=Thank you, <b>u5myO</b>, for registering and welcome to the Web Tours family." not found for web_reg_find  	[MsgId: MERR-26366]
End auto log messages stack.	[MsgId: MMSG-10544]


Start auto log messages stack - Iteration 6.	[MsgId: MMSG-10545]
Action.c(147): web_add_auto_header("Upgrade-Insecure-Requests") was successful  	[MsgId: MMSG-26392]
Action.c(152): web_reg_find started  	[MsgId: MMSG-26355]
Action.c(152): Registering web_reg_find was successful  	[MsgId: MMSG-26390]
Action.c(154): web_submit_form("login.pl") started  	[MsgId: MMSG-26355]
Action.c(154): Submitting form to "http://localhost:1080/cgi-bin/login.pl", Target Frame="info"  	[MsgId: MMSG-27978]
Action.c(154): Resource "http://localhost:1080/WebTours/profileValidate.js" is in the cache already and will not be downloaded again  	[MsgId: MMSG-26655]
Action.c(154): Resource "http://localhost:1080/WebTours/images/button_next.gif" is in the cache already and will not be downloaded again  	[MsgId: MMSG-26655]
Action.c(154): Error -26366: "Text=Thank you, <b>7bKmw</b>, for registering and welcome to the Web Tours family." not found for web_reg_find  	[MsgId: MERR-26366]
End auto log messages stack.	[MsgId: MMSG-10544]


Start auto log messages stack - Iteration 7.	[MsgId: MMSG-10545]
Action.c(147): web_add_auto_header("Upgrade-Insecure-Requests") was successful  	[MsgId: MMSG-26392]
Action.c(152): web_reg_find started  	[MsgId: MMSG-26355]
Action.c(152): Registering web_reg_find was successful  	[MsgId: MMSG-26390]
Action.c(154): web_submit_form("login.pl") started  	[MsgId: MMSG-26355]
Action.c(154): Submitting form to "http://localhost:1080/cgi-bin/login.pl", Target Frame="info"  	[MsgId: MMSG-27978]
Action.c(154): Resource "http://localhost:1080/WebTours/profileValidate.js" is in the cache already and will not be downloaded again  	[MsgId: MMSG-26655]
Action.c(154): Resource "http://localhost:1080/WebTours/images/button_next.gif" is in the cache already and will not be downloaded again  	[MsgId: MMSG-26655]
Action.c(154): Error -26366: "Text=Thank you, <b>MqZ8h</b>, for registering and welcome to the Web Tours family." not found for web_reg_find  	[MsgId: MERR-26366]
End auto log messages stack.	[MsgId: MMSG-10544]


Start auto log messages stack - Iteration 8.	[MsgId: MMSG-10545]
Action.c(147): web_add_auto_header("Upgrade-Insecure-Requests") was successful  	[MsgId: MMSG-26392]
Action.c(152): web_reg_find started  	[MsgId: MMSG-26355]
Action.c(152): Registering web_reg_find was successful  	[MsgId: MMSG-26390]
Action.c(154): web_submit_form("login.pl") started  	[MsgId: MMSG-26355]
Action.c(154): Submitting form to "http://localhost:1080/cgi-bin/login.pl", Target Frame="info"  	[MsgId: MMSG-27978]
Action.c(154): Resource "http://localhost:1080/WebTours/profileValidate.js" is in the cache already and will not be downloaded again  	[MsgId: MMSG-26655]
Action.c(154): Resource "http://localhost:1080/WebTours/images/button_next.gif" is in the cache already and will not be downloaded again  	[MsgId: MMSG-26655]
Action.c(154): Error -26366: "Text=Thank you, <b>wbDgv</b>, for registering and welcome to the Web Tours family." not found for web_reg_find  	[MsgId: MERR-26366]
End auto log messages stack.	[MsgId: MMSG-10544]


Start auto log messages stack - Iteration 9.	[MsgId: MMSG-10545]
Action.c(147): web_add_auto_header("Upgrade-Insecure-Requests") was successful  	[MsgId: MMSG-26392]
Action.c(152): web_reg_find started  	[MsgId: MMSG-26355]
Action.c(152): Registering web_reg_find was successful  	[MsgId: MMSG-26390]
Action.c(154): web_submit_form("login.pl") started  	[MsgId: MMSG-26355]
Action.c(154): Submitting form to "http://localhost:1080/cgi-bin/login.pl", Target Frame="info"  	[MsgId: MMSG-27978]
Action.c(154): Resource "http://localhost:1080/WebTours/profileValidate.js" is in the cache already and will not be downloaded again  	[MsgId: MMSG-26655]
Action.c(154): Resource "http://localhost:1080/WebTours/images/button_next.gif" is in the cache already and will not be downloaded again  	[MsgId: MMSG-26655]
Action.c(154): Error -26366: "Text=Thank you, <b>3IgD0</b>, for registering and welcome to the Web Tours family." not found for web_reg_find  	[MsgId: MERR-26366]
End auto log messages stack.	[MsgId: MMSG-10544]


Start auto log messages stack - Iteration 10.	[MsgId: MMSG-10545]
Action.c(147): web_add_auto_header("Upgrade-Insecure-Requests") was successful  	[MsgId: MMSG-26392]
Action.c(152): web_reg_find started  	[MsgId: MMSG-26355]
Action.c(152): Registering web_reg_find was successful  	[MsgId: MMSG-26390]
Action.c(154): web_submit_form("login.pl") started  	[MsgId: MMSG-26355]
Action.c(154): Submitting form to "http://localhost:1080/cgi-bin/login.pl", Target Frame="info"  	[MsgId: MMSG-27978]
Action.c(154): Resource "http://localhost:1080/WebTours/profileValidate.js" is in the cache already and will not be downloaded again  	[MsgId: MMSG-26655]
Action.c(154): Resource "http://localhost:1080/WebTours/images/button_next.gif" is in the cache already and will not be downloaded again  	[MsgId: MMSG-26655]
Action.c(154): Error -26366: "Text=Thank you, <b>Q0LCq</b>, for registering and welcome to the Web Tours family." not found for web_reg_find  	[MsgId: MERR-26366]
End auto log messages stack.	[MsgId: MMSG-10544]


Start auto log messages stack - Iteration 11.	[MsgId: MMSG-10545]
Action.c(147): web_add_auto_header("Upgrade-Insecure-Requests") was successful  	[MsgId: MMSG-26392]
Action.c(152): web_reg_find started  	[MsgId: MMSG-26355]
Action.c(152): Registering web_reg_find was successful  	[MsgId: MMSG-26390]
Action.c(154): web_submit_form("login.pl") started  	[MsgId: MMSG-26355]
Action.c(154): Submitting form to "http://localhost:1080/cgi-bin/login.pl", Target Frame="info"  	[MsgId: MMSG-27978]
Action.c(154): Resource "http://localhost:1080/WebTours/profileValidate.js" is in the cache already and will not be downloaded again  	[MsgId: MMSG-26655]
Action.c(154): Resource "http://localhost:1080/WebTours/images/button_next.gif" is in the cache already and will not be downloaded again  	[MsgId: MMSG-26655]
Action.c(154): Error -26366: "Text=Thank you, <b>Q2Kkg</b>, for registering and welcome to the Web Tours family." not found for web_reg_find  	[MsgId: MERR-26366]
End auto log messages stack.	[MsgId: MMSG-10544]


Start auto log messages stack - Iteration 12.	[MsgId: MMSG-10545]
Action.c(147): web_add_auto_header("Upgrade-Insecure-Requests") was successful  	[MsgId: MMSG-26392]
Action.c(152): web_reg_find started  	[MsgId: MMSG-26355]
Action.c(152): Registering web_reg_find was successful  	[MsgId: MMSG-26390]
Action.c(154): web_submit_form("login.pl") started  	[MsgId: MMSG-26355]
Action.c(154): Submitting form to "http://localhost:1080/cgi-bin/login.pl", Target Frame="info"  	[MsgId: MMSG-27978]
Action.c(154): Resource "http://localhost:1080/WebTours/profileValidate.js" is in the cache already and will not be downloaded again  	[MsgId: MMSG-26655]
Action.c(154): Resource "http://localhost:1080/WebTours/images/button_next.gif" is in the cache already and will not be downloaded again  	[MsgId: MMSG-26655]
Action.c(154): Error -26366: "Text=Thank you, <b>ntswa</b>, for registering and welcome to the Web Tours family." not found for web_reg_find  	[MsgId: MERR-26366]
End auto log messages stack.	[MsgId: MMSG-10544]


Start auto log messages stack - Iteration 13.	[MsgId: MMSG-10545]
Action.c(147): web_add_auto_header("Upgrade-Insecure-Requests") was successful  	[MsgId: MMSG-26392]
Action.c(152): web_reg_find started  	[MsgId: MMSG-26355]
Action.c(152): Registering web_reg_find was successful  	[MsgId: MMSG-26390]
Action.c(154): web_submit_form("login.pl") started  	[MsgId: MMSG-26355]
Action.c(154): Submitting form to "http://localhost:1080/cgi-bin/login.pl", Target Frame="info"  	[MsgId: MMSG-27978]
Action.c(154): Resource "http://localhost:1080/WebTours/profileValidate.js" is in the cache already and will not be downloaded again  	[MsgId: MMSG-26655]
Action.c(154): Resource "http://localhost:1080/WebTours/images/button_next.gif" is in the cache already and will not be downloaded again  	[MsgId: MMSG-26655]
Action.c(154): Error -26366: "Text=Thank you, <b>sQSxC</b>, for registering and welcome to the Web Tours family." not found for web_reg_find  	[MsgId: MERR-26366]
End auto log messages stack.	[MsgId: MMSG-10544]


Start auto log messages stack - Iteration 14.	[MsgId: MMSG-10545]
Action.c(147): web_add_auto_header("Upgrade-Insecure-Requests") was successful  	[MsgId: MMSG-26392]
Action.c(152): web_reg_find started  	[MsgId: MMSG-26355]
Action.c(152): Registering web_reg_find was successful  	[MsgId: MMSG-26390]
Action.c(154): web_submit_form("login.pl") started  	[MsgId: MMSG-26355]
Action.c(154): Submitting form to "http://localhost:1080/cgi-bin/login.pl", Target Frame="info"  	[MsgId: MMSG-27978]
Action.c(154): Resource "http://localhost:1080/WebTours/profileValidate.js" is in the cache already and will not be downloaded again  	[MsgId: MMSG-26655]
Action.c(154): Resource "http://localhost:1080/WebTours/images/button_next.gif" is in the cache already and will not be downloaded again  	[MsgId: MMSG-26655]
Action.c(154): Error -26366: "Text=Thank you, <b>lsYGh</b>, for registering and welcome to the Web Tours family." not found for web_reg_find  	[MsgId: MERR-26366]
End auto log messages stack.	[MsgId: MMSG-10544]


Start auto log messages stack - Iteration 15.	[MsgId: MMSG-10545]
Action.c(147): web_add_auto_header("Upgrade-Insecure-Requests") was successful  	[MsgId: MMSG-26392]
Action.c(152): web_reg_find started  	[MsgId: MMSG-26355]
Action.c(152): Registering web_reg_find was successful  	[MsgId: MMSG-26390]
Action.c(154): web_submit_form("login.pl") started  	[MsgId: MMSG-26355]
Action.c(154): Submitting form to "http://localhost:1080/cgi-bin/login.pl", Target Frame="info"  	[MsgId: MMSG-27978]
Action.c(154): Resource "http://localhost:1080/WebTours/profileValidate.js" is in the cache already and will not be downloaded again  	[MsgId: MMSG-26655]
Action.c(154): Resource "http://localhost:1080/WebTours/images/button_next.gif" is in the cache already and will not be downloaded again  	[MsgId: MMSG-26655]
Action.c(154): Error -26366: "Text=Thank you, <b>Ff6rl</b>, for registering and welcome to the Web Tours family." not found for web_reg_find  	[MsgId: MERR-26366]
End auto log messages stack.	[MsgId: MMSG-10544]


Start auto log messages stack - Iteration 16.	[MsgId: MMSG-10545]
Action.c(147): web_add_auto_header("Upgrade-Insecure-Requests") was successful  	[MsgId: MMSG-26392]
Action.c(152): web_reg_find started  	[MsgId: MMSG-26355]
Action.c(152): Registering web_reg_find was successful  	[MsgId: MMSG-26390]
Action.c(154): web_submit_form("login.pl") started  	[MsgId: MMSG-26355]
Action.c(154): Submitting form to "http://localhost:1080/cgi-bin/login.pl", Target Frame="info"  	[MsgId: MMSG-27978]
Action.c(154): Resource "http://localhost:1080/WebTours/profileValidate.js" is in the cache already and will not be downloaded again  	[MsgId: MMSG-26655]
Action.c(154): Resource "http://localhost:1080/WebTours/images/button_next.gif" is in the cache already and will not be downloaded again  	[MsgId: MMSG-26655]
Action.c(154): Error -26366: "Text=Thank you, <b>pVkjO</b>, for registering and welcome to the Web Tours family." not found for web_reg_find  	[MsgId: MERR-26366]
End auto log messages stack.	[MsgId: MMSG-10544]


Start auto log messages stack - Iteration 17.	[MsgId: MMSG-10545]
Action.c(147): web_add_auto_header("Upgrade-Insecure-Requests") was successful  	[MsgId: MMSG-26392]
Action.c(152): web_reg_find started  	[MsgId: MMSG-26355]
Action.c(152): Registering web_reg_find was successful  	[MsgId: MMSG-26390]
Action.c(154): web_submit_form("login.pl") started  	[MsgId: MMSG-26355]
Action.c(154): Submitting form to "http://localhost:1080/cgi-bin/login.pl", Target Frame="info"  	[MsgId: MMSG-27978]
Action.c(154): Resource "http://localhost:1080/WebTours/profileValidate.js" is in the cache already and will not be downloaded again  	[MsgId: MMSG-26655]
Action.c(154): Resource "http://localhost:1080/WebTours/images/button_next.gif" is in the cache already and will not be downloaded again  	[MsgId: MMSG-26655]
Action.c(154): Error -26366: "Text=Thank you, <b>AkO6k</b>, for registering and welcome to the Web Tours family." not found for web_reg_find  	[MsgId: MERR-26366]
End auto log messages stack.	[MsgId: MMSG-10544]


