Start auto log messages stack - Iteration 1.	[MsgId: MMSG-10545]
Action.c(81): lr_think_time: 19,00 seconds.	[MsgId: MMSG-15948]
Action.c(83): web_reg_find started  	[MsgId: MMSG-26355]
Action.c(83): Registering web_reg_find was successful  	[MsgId: MMSG-26390]
Action.c(85): web_submit_form("login.pl") started  	[MsgId: MMSG-26355]
Action.c(85): Submitting form to "http://localhost:1080/cgi-bin/login.pl", Target Frame="info"  	[MsgId: MMSG-27978]
Action.c(85): Resource "http://localhost:1080/WebTours/profileValidate.js" is in the cache already and will not be downloaded again  	[MsgId: MMSG-26655]
Action.c(85): Resource "http://localhost:1080/WebTours/images/button_next.gif" is in the cache already and will not be downloaded again  	[MsgId: MMSG-26655]
Action.c(85): Error -26366: "Text=Thank you, <b>abub</b>, for registering and welcome to the Web Tours family." not found for web_reg_find  	[MsgId: MERR-26366]
End auto log messages stack.	[MsgId: MMSG-10544]


Start auto log messages stack - Iteration 1.	[MsgId: MMSG-10545]
Action.c(81): lr_think_time: 19,00 seconds.	[MsgId: MMSG-15948]
Action.c(83): web_reg_find started  	[MsgId: MMSG-26355]
Action.c(83): Registering web_reg_find was successful  	[MsgId: MMSG-26390]
Action.c(85): web_submit_form("login.pl") started  	[MsgId: MMSG-26355]
Action.c(85): Submitting form to "http://localhost:1080/cgi-bin/login.pl", Target Frame="info"  	[MsgId: MMSG-27978]
Action.c(85): Resource "http://localhost:1080/WebTours/profileValidate.js" is in the cache already and will not be downloaded again  	[MsgId: MMSG-26655]
Action.c(85): Resource "http://localhost:1080/WebTours/images/button_next.gif" is in the cache already and will not be downloaded again  	[MsgId: MMSG-26655]
Action.c(85): Error -26366: "Text=Thank you, <b>abub</b>, for registering and welcome to the Web Tours family." not found for web_reg_find  	[MsgId: MERR-26366]
End auto log messages stack.	[MsgId: MMSG-10544]


Start auto log messages stack - Iteration 2.	[MsgId: MMSG-10545]
Action.c(81): lr_think_time: 19,00 seconds.	[MsgId: MMSG-15948]
Action.c(83): web_reg_find started  	[MsgId: MMSG-26355]
Action.c(83): Registering web_reg_find was successful  	[MsgId: MMSG-26390]
Action.c(85): web_submit_form("login.pl") started  	[MsgId: MMSG-26355]
Action.c(85): Submitting form to "http://localhost:1080/cgi-bin/login.pl", Target Frame="info"  	[MsgId: MMSG-27978]
Action.c(85): Resource "http://localhost:1080/WebTours/profileValidate.js" is in the cache already and will not be downloaded again  	[MsgId: MMSG-26655]
Action.c(85): Resource "http://localhost:1080/WebTours/images/button_next.gif" is in the cache already and will not be downloaded again  	[MsgId: MMSG-26655]
Action.c(85): Error -26366: "Text=Thank you, <b>jurub</b>, for registering and welcome to the Web Tours family." not found for web_reg_find  	[MsgId: MERR-26366]
End auto log messages stack.	[MsgId: MMSG-10544]


