Start auto log messages stack - Iteration 1.	[MsgId: MMSG-10545]
Action.c(152): web_add_auto_header("Upgrade-Insecure-Requests") was successful  	[MsgId: MMSG-26392]
Action.c(157): web_reg_find started  	[MsgId: MMSG-26355]
Action.c(157): Registering web_reg_find was successful  	[MsgId: MMSG-26390]
Action.c(159): web_submit_form("login.pl") started  	[MsgId: MMSG-26355]
Action.c(159): Submitting form to "http://localhost:1080/cgi-bin/login.pl", Target Frame="info"  	[MsgId: MMSG-27978]
Action.c(159): Resource "http://localhost:1080/WebTours/profileValidate.js" is in the cache already and will not be downloaded again  	[MsgId: MMSG-26655]
Action.c(159): Resource "http://localhost:1080/WebTours/images/button_next.gif" is in the cache already and will not be downloaded again  	[MsgId: MMSG-26655]
Action.c(159): Error -26366: "Text=Thank you, <b>aHrBt</b>, for registering and welcome to the Web Tours family." not found for web_reg_find  	[MsgId: MERR-26366]
End auto log messages stack.	[MsgId: MMSG-10544]


Start auto log messages stack - Iteration 2.	[MsgId: MMSG-10545]
Action.c(152): web_add_auto_header("Upgrade-Insecure-Requests") was successful  	[MsgId: MMSG-26392]
Action.c(157): web_reg_find started  	[MsgId: MMSG-26355]
Action.c(157): Registering web_reg_find was successful  	[MsgId: MMSG-26390]
Action.c(159): web_submit_form("login.pl") started  	[MsgId: MMSG-26355]
Action.c(159): Submitting form to "http://localhost:1080/cgi-bin/login.pl", Target Frame="info"  	[MsgId: MMSG-27978]
Action.c(159): Resource "http://localhost:1080/WebTours/profileValidate.js" is in the cache already and will not be downloaded again  	[MsgId: MMSG-26655]
Action.c(159): Resource "http://localhost:1080/WebTours/images/button_next.gif" is in the cache already and will not be downloaded again  	[MsgId: MMSG-26655]
Action.c(159): Error -26366: "Text=Thank you, <b>eFTEh</b>, for registering and welcome to the Web Tours family." not found for web_reg_find  	[MsgId: MERR-26366]
End auto log messages stack.	[MsgId: MMSG-10544]


Start auto log messages stack - Iteration 3.	[MsgId: MMSG-10545]
Action.c(152): web_add_auto_header("Upgrade-Insecure-Requests") was successful  	[MsgId: MMSG-26392]
Action.c(157): web_reg_find started  	[MsgId: MMSG-26355]
Action.c(157): Registering web_reg_find was successful  	[MsgId: MMSG-26390]
Action.c(159): web_submit_form("login.pl") started  	[MsgId: MMSG-26355]
Action.c(159): Submitting form to "http://localhost:1080/cgi-bin/login.pl", Target Frame="info"  	[MsgId: MMSG-27978]
Action.c(159): Resource "http://localhost:1080/WebTours/profileValidate.js" is in the cache already and will not be downloaded again  	[MsgId: MMSG-26655]
Action.c(159): Resource "http://localhost:1080/WebTours/images/button_next.gif" is in the cache already and will not be downloaded again  	[MsgId: MMSG-26655]
Action.c(159): Error -26366: "Text=Thank you, <b>HSVRI</b>, for registering and welcome to the Web Tours family." not found for web_reg_find  	[MsgId: MERR-26366]
End auto log messages stack.	[MsgId: MMSG-10544]


Start auto log messages stack - Iteration 4.	[MsgId: MMSG-10545]
Action.c(152): web_add_auto_header("Upgrade-Insecure-Requests") was successful  	[MsgId: MMSG-26392]
Action.c(157): web_reg_find started  	[MsgId: MMSG-26355]
Action.c(157): Registering web_reg_find was successful  	[MsgId: MMSG-26390]
Action.c(159): web_submit_form("login.pl") started  	[MsgId: MMSG-26355]
Action.c(159): Submitting form to "http://localhost:1080/cgi-bin/login.pl", Target Frame="info"  	[MsgId: MMSG-27978]
Action.c(159): Resource "http://localhost:1080/WebTours/profileValidate.js" is in the cache already and will not be downloaded again  	[MsgId: MMSG-26655]
Action.c(159): Resource "http://localhost:1080/WebTours/images/button_next.gif" is in the cache already and will not be downloaded again  	[MsgId: MMSG-26655]
Action.c(159): Error -26366: "Text=Thank you, <b>zROYN</b>, for registering and welcome to the Web Tours family." not found for web_reg_find  	[MsgId: MERR-26366]
End auto log messages stack.	[MsgId: MMSG-10544]


Start auto log messages stack - Iteration 5.	[MsgId: MMSG-10545]
Action.c(152): web_add_auto_header("Upgrade-Insecure-Requests") was successful  	[MsgId: MMSG-26392]
Action.c(157): web_reg_find started  	[MsgId: MMSG-26355]
Action.c(157): Registering web_reg_find was successful  	[MsgId: MMSG-26390]
Action.c(159): web_submit_form("login.pl") started  	[MsgId: MMSG-26355]
Action.c(159): Submitting form to "http://localhost:1080/cgi-bin/login.pl", Target Frame="info"  	[MsgId: MMSG-27978]
Action.c(159): Resource "http://localhost:1080/WebTours/profileValidate.js" is in the cache already and will not be downloaded again  	[MsgId: MMSG-26655]
Action.c(159): Resource "http://localhost:1080/WebTours/images/button_next.gif" is in the cache already and will not be downloaded again  	[MsgId: MMSG-26655]
Action.c(159): Error -26366: "Text=Thank you, <b>ZxcbU</b>, for registering and welcome to the Web Tours family." not found for web_reg_find  	[MsgId: MERR-26366]
End auto log messages stack.	[MsgId: MMSG-10544]


Start auto log messages stack - Iteration 6.	[MsgId: MMSG-10545]
Action.c(152): web_add_auto_header("Upgrade-Insecure-Requests") was successful  	[MsgId: MMSG-26392]
Action.c(157): web_reg_find started  	[MsgId: MMSG-26355]
Action.c(157): Registering web_reg_find was successful  	[MsgId: MMSG-26390]
Action.c(159): web_submit_form("login.pl") started  	[MsgId: MMSG-26355]
Action.c(159): Submitting form to "http://localhost:1080/cgi-bin/login.pl", Target Frame="info"  	[MsgId: MMSG-27978]
Action.c(159): Resource "http://localhost:1080/WebTours/profileValidate.js" is in the cache already and will not be downloaded again  	[MsgId: MMSG-26655]
Action.c(159): Resource "http://localhost:1080/WebTours/images/button_next.gif" is in the cache already and will not be downloaded again  	[MsgId: MMSG-26655]
Action.c(159): Error -26366: "Text=Thank you, <b>hexrF</b>, for registering and welcome to the Web Tours family." not found for web_reg_find  	[MsgId: MERR-26366]
End auto log messages stack.	[MsgId: MMSG-10544]


Start auto log messages stack - Iteration 7.	[MsgId: MMSG-10545]
Action.c(152): web_add_auto_header("Upgrade-Insecure-Requests") was successful  	[MsgId: MMSG-26392]
Action.c(157): web_reg_find started  	[MsgId: MMSG-26355]
Action.c(157): Registering web_reg_find was successful  	[MsgId: MMSG-26390]
Action.c(159): web_submit_form("login.pl") started  	[MsgId: MMSG-26355]
Action.c(159): Submitting form to "http://localhost:1080/cgi-bin/login.pl", Target Frame="info"  	[MsgId: MMSG-27978]
Action.c(159): Resource "http://localhost:1080/WebTours/profileValidate.js" is in the cache already and will not be downloaded again  	[MsgId: MMSG-26655]
Action.c(159): Resource "http://localhost:1080/WebTours/images/button_next.gif" is in the cache already and will not be downloaded again  	[MsgId: MMSG-26655]
Action.c(159): Error -26366: "Text=Thank you, <b>XLCds</b>, for registering and welcome to the Web Tours family." not found for web_reg_find  	[MsgId: MERR-26366]
End auto log messages stack.	[MsgId: MMSG-10544]


Start auto log messages stack - Iteration 8.	[MsgId: MMSG-10545]
Action.c(152): web_add_auto_header("Upgrade-Insecure-Requests") was successful  	[MsgId: MMSG-26392]
Action.c(157): web_reg_find started  	[MsgId: MMSG-26355]
Action.c(157): Registering web_reg_find was successful  	[MsgId: MMSG-26390]
Action.c(159): web_submit_form("login.pl") started  	[MsgId: MMSG-26355]
Action.c(159): Submitting form to "http://localhost:1080/cgi-bin/login.pl", Target Frame="info"  	[MsgId: MMSG-27978]
Action.c(159): Resource "http://localhost:1080/WebTours/profileValidate.js" is in the cache already and will not be downloaded again  	[MsgId: MMSG-26655]
Action.c(159): Resource "http://localhost:1080/WebTours/images/button_next.gif" is in the cache already and will not be downloaded again  	[MsgId: MMSG-26655]
Action.c(159): Error -26366: "Text=Thank you, <b>rugRV</b>, for registering and welcome to the Web Tours family." not found for web_reg_find  	[MsgId: MERR-26366]
End auto log messages stack.	[MsgId: MMSG-10544]


Start auto log messages stack - Iteration 9.	[MsgId: MMSG-10545]
Action.c(152): web_add_auto_header("Upgrade-Insecure-Requests") was successful  	[MsgId: MMSG-26392]
Action.c(157): web_reg_find started  	[MsgId: MMSG-26355]
Action.c(157): Registering web_reg_find was successful  	[MsgId: MMSG-26390]
Action.c(159): web_submit_form("login.pl") started  	[MsgId: MMSG-26355]
Action.c(159): Submitting form to "http://localhost:1080/cgi-bin/login.pl", Target Frame="info"  	[MsgId: MMSG-27978]
Action.c(159): Resource "http://localhost:1080/WebTours/profileValidate.js" is in the cache already and will not be downloaded again  	[MsgId: MMSG-26655]
Action.c(159): Resource "http://localhost:1080/WebTours/images/button_next.gif" is in the cache already and will not be downloaded again  	[MsgId: MMSG-26655]
Action.c(159): Error -26366: "Text=Thank you, <b>dDHgX</b>, for registering and welcome to the Web Tours family." not found for web_reg_find  	[MsgId: MERR-26366]
End auto log messages stack.	[MsgId: MMSG-10544]


Start auto log messages stack - Iteration 10.	[MsgId: MMSG-10545]
Action.c(152): web_add_auto_header("Upgrade-Insecure-Requests") was successful  	[MsgId: MMSG-26392]
Action.c(157): web_reg_find started  	[MsgId: MMSG-26355]
Action.c(157): Registering web_reg_find was successful  	[MsgId: MMSG-26390]
Action.c(159): web_submit_form("login.pl") started  	[MsgId: MMSG-26355]
Action.c(159): Submitting form to "http://localhost:1080/cgi-bin/login.pl", Target Frame="info"  	[MsgId: MMSG-27978]
Action.c(159): Resource "http://localhost:1080/WebTours/profileValidate.js" is in the cache already and will not be downloaded again  	[MsgId: MMSG-26655]
Action.c(159): Resource "http://localhost:1080/WebTours/images/button_next.gif" is in the cache already and will not be downloaded again  	[MsgId: MMSG-26655]
Action.c(159): Error -26366: "Text=Thank you, <b>cRjMA</b>, for registering and welcome to the Web Tours family." not found for web_reg_find  	[MsgId: MERR-26366]
End auto log messages stack.	[MsgId: MMSG-10544]


Start auto log messages stack - Iteration 11.	[MsgId: MMSG-10545]
Action.c(152): web_add_auto_header("Upgrade-Insecure-Requests") was successful  	[MsgId: MMSG-26392]
Action.c(157): web_reg_find started  	[MsgId: MMSG-26355]
Action.c(157): Registering web_reg_find was successful  	[MsgId: MMSG-26390]
Action.c(159): web_submit_form("login.pl") started  	[MsgId: MMSG-26355]
Action.c(159): Submitting form to "http://localhost:1080/cgi-bin/login.pl", Target Frame="info"  	[MsgId: MMSG-27978]
Action.c(159): Resource "http://localhost:1080/WebTours/profileValidate.js" is in the cache already and will not be downloaded again  	[MsgId: MMSG-26655]
Action.c(159): Resource "http://localhost:1080/WebTours/images/button_next.gif" is in the cache already and will not be downloaded again  	[MsgId: MMSG-26655]
Action.c(159): Error -26366: "Text=Thank you, <b>jHdEN</b>, for registering and welcome to the Web Tours family." not found for web_reg_find  	[MsgId: MERR-26366]
End auto log messages stack.	[MsgId: MMSG-10544]


