Start auto log messages stack - Iteration 1.	[MsgId: MMSG-10545]
Action.c(147): web_add_auto_header("Upgrade-Insecure-Requests") was successful  	[MsgId: MMSG-26392]
Action.c(152): web_reg_find started  	[MsgId: MMSG-26355]
Action.c(152): Registering web_reg_find was successful  	[MsgId: MMSG-26390]
Action.c(154): web_submit_form("login.pl") started  	[MsgId: MMSG-26355]
Action.c(154): Submitting form to "http://localhost:1080/cgi-bin/login.pl", Target Frame="info"  	[MsgId: MMSG-27978]
Action.c(154): Resource "http://localhost:1080/WebTours/profileValidate.js" is in the cache already and will not be downloaded again  	[MsgId: MMSG-26655]
Action.c(154): Resource "http://localhost:1080/WebTours/images/button_next.gif" is in the cache already and will not be downloaded again  	[MsgId: MMSG-26655]
Action.c(154): Error -26366: "Text=Thank you, <b>nceBz</b>, for registering and welcome to the Web Tours family." not found for web_reg_find  	[MsgId: MERR-26366]
End auto log messages stack.	[MsgId: MMSG-10544]


Start auto log messages stack - Iteration 2.	[MsgId: MMSG-10545]
Action.c(147): web_add_auto_header("Upgrade-Insecure-Requests") was successful  	[MsgId: MMSG-26392]
Action.c(152): web_reg_find started  	[MsgId: MMSG-26355]
Action.c(152): Registering web_reg_find was successful  	[MsgId: MMSG-26390]
Action.c(154): web_submit_form("login.pl") started  	[MsgId: MMSG-26355]
Action.c(154): Submitting form to "http://localhost:1080/cgi-bin/login.pl", Target Frame="info"  	[MsgId: MMSG-27978]
Action.c(154): Resource "http://localhost:1080/WebTours/profileValidate.js" is in the cache already and will not be downloaded again  	[MsgId: MMSG-26655]
Action.c(154): Resource "http://localhost:1080/WebTours/images/button_next.gif" is in the cache already and will not be downloaded again  	[MsgId: MMSG-26655]
Action.c(154): Error -26366: "Text=Thank you, <b>xAbjO</b>, for registering and welcome to the Web Tours family." not found for web_reg_find  	[MsgId: MERR-26366]
End auto log messages stack.	[MsgId: MMSG-10544]


Start auto log messages stack - Iteration 3.	[MsgId: MMSG-10545]
Action.c(147): web_add_auto_header("Upgrade-Insecure-Requests") was successful  	[MsgId: MMSG-26392]
Action.c(152): web_reg_find started  	[MsgId: MMSG-26355]
Action.c(152): Registering web_reg_find was successful  	[MsgId: MMSG-26390]
Action.c(154): web_submit_form("login.pl") started  	[MsgId: MMSG-26355]
Action.c(154): Submitting form to "http://localhost:1080/cgi-bin/login.pl", Target Frame="info"  	[MsgId: MMSG-27978]
Action.c(154): Resource "http://localhost:1080/WebTours/profileValidate.js" is in the cache already and will not be downloaded again  	[MsgId: MMSG-26655]
Action.c(154): Resource "http://localhost:1080/WebTours/images/button_next.gif" is in the cache already and will not be downloaded again  	[MsgId: MMSG-26655]
Action.c(154): Error -26366: "Text=Thank you, <b>MglDq</b>, for registering and welcome to the Web Tours family." not found for web_reg_find  	[MsgId: MERR-26366]
End auto log messages stack.	[MsgId: MMSG-10544]


Start auto log messages stack - Iteration 4.	[MsgId: MMSG-10545]
Action.c(147): web_add_auto_header("Upgrade-Insecure-Requests") was successful  	[MsgId: MMSG-26392]
Action.c(152): web_reg_find started  	[MsgId: MMSG-26355]
Action.c(152): Registering web_reg_find was successful  	[MsgId: MMSG-26390]
Action.c(154): web_submit_form("login.pl") started  	[MsgId: MMSG-26355]
Action.c(154): Submitting form to "http://localhost:1080/cgi-bin/login.pl", Target Frame="info"  	[MsgId: MMSG-27978]
Action.c(154): Resource "http://localhost:1080/WebTours/profileValidate.js" is in the cache already and will not be downloaded again  	[MsgId: MMSG-26655]
Action.c(154): Resource "http://localhost:1080/WebTours/images/button_next.gif" is in the cache already and will not be downloaded again  	[MsgId: MMSG-26655]
Action.c(154): Error -26366: "Text=Thank you, <b>4N9pf</b>, for registering and welcome to the Web Tours family." not found for web_reg_find  	[MsgId: MERR-26366]
End auto log messages stack.	[MsgId: MMSG-10544]


Start auto log messages stack - Iteration 5.	[MsgId: MMSG-10545]
Action.c(147): web_add_auto_header("Upgrade-Insecure-Requests") was successful  	[MsgId: MMSG-26392]
Action.c(152): web_reg_find started  	[MsgId: MMSG-26355]
Action.c(152): Registering web_reg_find was successful  	[MsgId: MMSG-26390]
Action.c(154): web_submit_form("login.pl") started  	[MsgId: MMSG-26355]
Action.c(154): Submitting form to "http://localhost:1080/cgi-bin/login.pl", Target Frame="info"  	[MsgId: MMSG-27978]
Action.c(154): Resource "http://localhost:1080/WebTours/profileValidate.js" is in the cache already and will not be downloaded again  	[MsgId: MMSG-26655]
Action.c(154): Resource "http://localhost:1080/WebTours/images/button_next.gif" is in the cache already and will not be downloaded again  	[MsgId: MMSG-26655]
Action.c(154): Error -26366: "Text=Thank you, <b>1lqBn</b>, for registering and welcome to the Web Tours family." not found for web_reg_find  	[MsgId: MERR-26366]
End auto log messages stack.	[MsgId: MMSG-10544]


Start auto log messages stack - Iteration 6.	[MsgId: MMSG-10545]
Action.c(147): web_add_auto_header("Upgrade-Insecure-Requests") was successful  	[MsgId: MMSG-26392]
Action.c(152): web_reg_find started  	[MsgId: MMSG-26355]
Action.c(152): Registering web_reg_find was successful  	[MsgId: MMSG-26390]
Action.c(154): web_submit_form("login.pl") started  	[MsgId: MMSG-26355]
Action.c(154): Submitting form to "http://localhost:1080/cgi-bin/login.pl", Target Frame="info"  	[MsgId: MMSG-27978]
Action.c(154): Resource "http://localhost:1080/WebTours/profileValidate.js" is in the cache already and will not be downloaded again  	[MsgId: MMSG-26655]
Action.c(154): Resource "http://localhost:1080/WebTours/images/button_next.gif" is in the cache already and will not be downloaded again  	[MsgId: MMSG-26655]
Action.c(154): Error -26366: "Text=Thank you, <b>YO4My</b>, for registering and welcome to the Web Tours family." not found for web_reg_find  	[MsgId: MERR-26366]
End auto log messages stack.	[MsgId: MMSG-10544]


Start auto log messages stack - Iteration 7.	[MsgId: MMSG-10545]
Action.c(147): web_add_auto_header("Upgrade-Insecure-Requests") was successful  	[MsgId: MMSG-26392]
Action.c(152): web_reg_find started  	[MsgId: MMSG-26355]
Action.c(152): Registering web_reg_find was successful  	[MsgId: MMSG-26390]
Action.c(154): web_submit_form("login.pl") started  	[MsgId: MMSG-26355]
Action.c(154): Submitting form to "http://localhost:1080/cgi-bin/login.pl", Target Frame="info"  	[MsgId: MMSG-27978]
Action.c(154): Resource "http://localhost:1080/WebTours/profileValidate.js" is in the cache already and will not be downloaded again  	[MsgId: MMSG-26655]
Action.c(154): Resource "http://localhost:1080/WebTours/images/button_next.gif" is in the cache already and will not be downloaded again  	[MsgId: MMSG-26655]
Action.c(154): Error -26366: "Text=Thank you, <b>B0QTl</b>, for registering and welcome to the Web Tours family." not found for web_reg_find  	[MsgId: MERR-26366]
End auto log messages stack.	[MsgId: MMSG-10544]


Start auto log messages stack - Iteration 8.	[MsgId: MMSG-10545]
Action.c(147): web_add_auto_header("Upgrade-Insecure-Requests") was successful  	[MsgId: MMSG-26392]
Action.c(152): web_reg_find started  	[MsgId: MMSG-26355]
Action.c(152): Registering web_reg_find was successful  	[MsgId: MMSG-26390]
Action.c(154): web_submit_form("login.pl") started  	[MsgId: MMSG-26355]
Action.c(154): Submitting form to "http://localhost:1080/cgi-bin/login.pl", Target Frame="info"  	[MsgId: MMSG-27978]
Action.c(154): Resource "http://localhost:1080/WebTours/profileValidate.js" is in the cache already and will not be downloaded again  	[MsgId: MMSG-26655]
Action.c(154): Resource "http://localhost:1080/WebTours/images/button_next.gif" is in the cache already and will not be downloaded again  	[MsgId: MMSG-26655]
Action.c(154): Error -26366: "Text=Thank you, <b>eYm8F</b>, for registering and welcome to the Web Tours family." not found for web_reg_find  	[MsgId: MERR-26366]
End auto log messages stack.	[MsgId: MMSG-10544]


Start auto log messages stack - Iteration 9.	[MsgId: MMSG-10545]
Action.c(147): web_add_auto_header("Upgrade-Insecure-Requests") was successful  	[MsgId: MMSG-26392]
Action.c(152): web_reg_find started  	[MsgId: MMSG-26355]
Action.c(152): Registering web_reg_find was successful  	[MsgId: MMSG-26390]
Action.c(154): web_submit_form("login.pl") started  	[MsgId: MMSG-26355]
Action.c(154): Submitting form to "http://localhost:1080/cgi-bin/login.pl", Target Frame="info"  	[MsgId: MMSG-27978]
Action.c(154): Resource "http://localhost:1080/WebTours/profileValidate.js" is in the cache already and will not be downloaded again  	[MsgId: MMSG-26655]
Action.c(154): Resource "http://localhost:1080/WebTours/images/button_next.gif" is in the cache already and will not be downloaded again  	[MsgId: MMSG-26655]
Action.c(154): Error -26366: "Text=Thank you, <b>RNVfv</b>, for registering and welcome to the Web Tours family." not found for web_reg_find  	[MsgId: MERR-26366]
End auto log messages stack.	[MsgId: MMSG-10544]


Start auto log messages stack - Iteration 10.	[MsgId: MMSG-10545]
Action.c(147): web_add_auto_header("Upgrade-Insecure-Requests") was successful  	[MsgId: MMSG-26392]
Action.c(152): web_reg_find started  	[MsgId: MMSG-26355]
Action.c(152): Registering web_reg_find was successful  	[MsgId: MMSG-26390]
Action.c(154): web_submit_form("login.pl") started  	[MsgId: MMSG-26355]
Action.c(154): Submitting form to "http://localhost:1080/cgi-bin/login.pl", Target Frame="info"  	[MsgId: MMSG-27978]
Action.c(154): Resource "http://localhost:1080/WebTours/profileValidate.js" is in the cache already and will not be downloaded again  	[MsgId: MMSG-26655]
Action.c(154): Resource "http://localhost:1080/WebTours/images/button_next.gif" is in the cache already and will not be downloaded again  	[MsgId: MMSG-26655]
Action.c(154): Error -26366: "Text=Thank you, <b>83FhX</b>, for registering and welcome to the Web Tours family." not found for web_reg_find  	[MsgId: MERR-26366]
End auto log messages stack.	[MsgId: MMSG-10544]


Start auto log messages stack - Iteration 11.	[MsgId: MMSG-10545]
Action.c(147): web_add_auto_header("Upgrade-Insecure-Requests") was successful  	[MsgId: MMSG-26392]
Action.c(152): web_reg_find started  	[MsgId: MMSG-26355]
Action.c(152): Registering web_reg_find was successful  	[MsgId: MMSG-26390]
Action.c(154): web_submit_form("login.pl") started  	[MsgId: MMSG-26355]
Action.c(154): Submitting form to "http://localhost:1080/cgi-bin/login.pl", Target Frame="info"  	[MsgId: MMSG-27978]
Action.c(154): Resource "http://localhost:1080/WebTours/profileValidate.js" is in the cache already and will not be downloaded again  	[MsgId: MMSG-26655]
Action.c(154): Resource "http://localhost:1080/WebTours/images/button_next.gif" is in the cache already and will not be downloaded again  	[MsgId: MMSG-26655]
Action.c(154): Error -26366: "Text=Thank you, <b>TwWOQ</b>, for registering and welcome to the Web Tours family." not found for web_reg_find  	[MsgId: MERR-26366]
End auto log messages stack.	[MsgId: MMSG-10544]


Start auto log messages stack - Iteration 12.	[MsgId: MMSG-10545]
Action.c(147): web_add_auto_header("Upgrade-Insecure-Requests") was successful  	[MsgId: MMSG-26392]
Action.c(152): web_reg_find started  	[MsgId: MMSG-26355]
Action.c(152): Registering web_reg_find was successful  	[MsgId: MMSG-26390]
Action.c(154): web_submit_form("login.pl") started  	[MsgId: MMSG-26355]
Action.c(154): Submitting form to "http://localhost:1080/cgi-bin/login.pl", Target Frame="info"  	[MsgId: MMSG-27978]
Action.c(154): Resource "http://localhost:1080/WebTours/profileValidate.js" is in the cache already and will not be downloaded again  	[MsgId: MMSG-26655]
Action.c(154): Resource "http://localhost:1080/WebTours/images/button_next.gif" is in the cache already and will not be downloaded again  	[MsgId: MMSG-26655]
Action.c(154): Error -26366: "Text=Thank you, <b>6Eu2n</b>, for registering and welcome to the Web Tours family." not found for web_reg_find  	[MsgId: MERR-26366]
End auto log messages stack.	[MsgId: MMSG-10544]


Start auto log messages stack - Iteration 13.	[MsgId: MMSG-10545]
Action.c(147): web_add_auto_header("Upgrade-Insecure-Requests") was successful  	[MsgId: MMSG-26392]
Action.c(152): web_reg_find started  	[MsgId: MMSG-26355]
Action.c(152): Registering web_reg_find was successful  	[MsgId: MMSG-26390]
Action.c(154): web_submit_form("login.pl") started  	[MsgId: MMSG-26355]
Action.c(154): Submitting form to "http://localhost:1080/cgi-bin/login.pl", Target Frame="info"  	[MsgId: MMSG-27978]
Action.c(154): Resource "http://localhost:1080/WebTours/profileValidate.js" is in the cache already and will not be downloaded again  	[MsgId: MMSG-26655]
Action.c(154): Resource "http://localhost:1080/WebTours/images/button_next.gif" is in the cache already and will not be downloaded again  	[MsgId: MMSG-26655]
Action.c(154): Error -26366: "Text=Thank you, <b>JpZpC</b>, for registering and welcome to the Web Tours family." not found for web_reg_find  	[MsgId: MERR-26366]
End auto log messages stack.	[MsgId: MMSG-10544]


Start auto log messages stack - Iteration 14.	[MsgId: MMSG-10545]
Action.c(147): web_add_auto_header("Upgrade-Insecure-Requests") was successful  	[MsgId: MMSG-26392]
Action.c(152): web_reg_find started  	[MsgId: MMSG-26355]
Action.c(152): Registering web_reg_find was successful  	[MsgId: MMSG-26390]
Action.c(154): web_submit_form("login.pl") started  	[MsgId: MMSG-26355]
Action.c(154): Submitting form to "http://localhost:1080/cgi-bin/login.pl", Target Frame="info"  	[MsgId: MMSG-27978]
Action.c(154): Resource "http://localhost:1080/WebTours/profileValidate.js" is in the cache already and will not be downloaded again  	[MsgId: MMSG-26655]
Action.c(154): Resource "http://localhost:1080/WebTours/images/button_next.gif" is in the cache already and will not be downloaded again  	[MsgId: MMSG-26655]
Action.c(154): Error -26366: "Text=Thank you, <b>rcuu8</b>, for registering and welcome to the Web Tours family." not found for web_reg_find  	[MsgId: MERR-26366]
End auto log messages stack.	[MsgId: MMSG-10544]


Start auto log messages stack - Iteration 15.	[MsgId: MMSG-10545]
Action.c(147): web_add_auto_header("Upgrade-Insecure-Requests") was successful  	[MsgId: MMSG-26392]
Action.c(152): web_reg_find started  	[MsgId: MMSG-26355]
Action.c(152): Registering web_reg_find was successful  	[MsgId: MMSG-26390]
Action.c(154): web_submit_form("login.pl") started  	[MsgId: MMSG-26355]
Action.c(154): Submitting form to "http://localhost:1080/cgi-bin/login.pl", Target Frame="info"  	[MsgId: MMSG-27978]
Action.c(154): Resource "http://localhost:1080/WebTours/profileValidate.js" is in the cache already and will not be downloaded again  	[MsgId: MMSG-26655]
Action.c(154): Resource "http://localhost:1080/WebTours/images/button_next.gif" is in the cache already and will not be downloaded again  	[MsgId: MMSG-26655]
Action.c(154): Error -26366: "Text=Thank you, <b>Yzu8Z</b>, for registering and welcome to the Web Tours family." not found for web_reg_find  	[MsgId: MERR-26366]
End auto log messages stack.	[MsgId: MMSG-10544]


Start auto log messages stack - Iteration 16.	[MsgId: MMSG-10545]
Action.c(147): web_add_auto_header("Upgrade-Insecure-Requests") was successful  	[MsgId: MMSG-26392]
Action.c(152): web_reg_find started  	[MsgId: MMSG-26355]
Action.c(152): Registering web_reg_find was successful  	[MsgId: MMSG-26390]
Action.c(154): web_submit_form("login.pl") started  	[MsgId: MMSG-26355]
Action.c(154): Submitting form to "http://localhost:1080/cgi-bin/login.pl", Target Frame="info"  	[MsgId: MMSG-27978]
Action.c(154): Resource "http://localhost:1080/WebTours/profileValidate.js" is in the cache already and will not be downloaded again  	[MsgId: MMSG-26655]
Action.c(154): Resource "http://localhost:1080/WebTours/images/button_next.gif" is in the cache already and will not be downloaded again  	[MsgId: MMSG-26655]
Action.c(154): Error -26366: "Text=Thank you, <b>pnZzq</b>, for registering and welcome to the Web Tours family." not found for web_reg_find  	[MsgId: MERR-26366]
End auto log messages stack.	[MsgId: MMSG-10544]


Start auto log messages stack - Iteration 17.	[MsgId: MMSG-10545]
Action.c(147): web_add_auto_header("Upgrade-Insecure-Requests") was successful  	[MsgId: MMSG-26392]
Action.c(152): web_reg_find started  	[MsgId: MMSG-26355]
Action.c(152): Registering web_reg_find was successful  	[MsgId: MMSG-26390]
Action.c(154): web_submit_form("login.pl") started  	[MsgId: MMSG-26355]
Action.c(154): Submitting form to "http://localhost:1080/cgi-bin/login.pl", Target Frame="info"  	[MsgId: MMSG-27978]
Action.c(154): Resource "http://localhost:1080/WebTours/profileValidate.js" is in the cache already and will not be downloaded again  	[MsgId: MMSG-26655]
Action.c(154): Resource "http://localhost:1080/WebTours/images/button_next.gif" is in the cache already and will not be downloaded again  	[MsgId: MMSG-26655]
Action.c(154): Error -26366: "Text=Thank you, <b>KrRsn</b>, for registering and welcome to the Web Tours family." not found for web_reg_find  	[MsgId: MERR-26366]
End auto log messages stack.	[MsgId: MMSG-10544]


