Error: missing newline in E:\loadRunner\VuGen\Scripts\UC04_ItinenaryChecking\../users.dat	[MsgId: MERR-13874]
Virtual User Script started at: 18.10.2024 20:01:12	[MsgId: MMSG-15967]
Starting action vuser_init.	[MsgId: MMSG-15919]
Web Turbo Replay of LoadRunner 2020.0.0 for Windows 10; build 793 (ноя 27 2019 19:51:20)  	[MsgId: MMSG-26983]
Run mode: HTML  	[MsgId: MMSG-26993]
Replay user agent: Mozilla/5.0 (Windows NT 10.0; Win64; x64; rv:130.0) Gecko/20100101 Firefox/130.0  	[MsgId: MMSG-26988]
Runtime Settings file: "C:\Users\Алсу\AppData\Local\Temp\lr5tmpdirkUo.416\lrcfgC0T.417\cfgly9.422"  	[MsgId: MMSG-27141]
Ending action vuser_init.	[MsgId: MMSG-15918]
Running Vuser...	[MsgId: MMSG-15964]
Starting iteration 1.	[MsgId: MMSG-15968]
Maximum number of concurrent connections per server: 6  	[MsgId: MMSG-26989]
Starting action Action.	[MsgId: MMSG-15919]
Action.c(4): web_websocket_send started  	[MsgId: MMSG-26355]
Action.c(4): Warning -35046: The WebSocket whose ID is "0" is not connected  	[MsgId: MWAR-35046]
Action.c(4): web_websocket_send highest severity level was "warning"  	[MsgId: MMSG-26391]
Action.c(11): Notify: Transaction "UC04_ItinenaryChecking" started.	[MsgId: MMSG-16999]
Action.c(16): Notify: Transaction "HomePage" started.	[MsgId: MMSG-16999]
Action.c(18): web_set_sockets_option started  	[MsgId: MMSG-26355]
Action.c(18): web_set_sockets_option was successful  	[MsgId: MMSG-26392]
Action.c(20): web_add_auto_header("Priority") started  	[MsgId: MMSG-26355]
Action.c(20): web_add_auto_header("Priority") was successful  	[MsgId: MMSG-26392]
Action.c(23): web_add_auto_header("DNT") started  	[MsgId: MMSG-26355]
Action.c(23): web_add_auto_header("DNT") was successful  	[MsgId: MMSG-26392]
Action.c(26): web_add_auto_header("Sec-GPC") started  	[MsgId: MMSG-26355]
Action.c(26): web_add_auto_header("Sec-GPC") was successful  	[MsgId: MMSG-26392]
Action.c(29): web_add_auto_header("Upgrade-Insecure-Requests") started  	[MsgId: MMSG-26355]
Action.c(29): web_add_auto_header("Upgrade-Insecure-Requests") was successful  	[MsgId: MMSG-26392]
Action.c(34): web_reg_save_param_ex started  	[MsgId: MMSG-26355]
Action.c(34): Registering web_reg_save_param_ex was successful  	[MsgId: MMSG-26390]
Action.c(36): web_reg_find started  	[MsgId: MMSG-26355]
Action.c(36): Registering web_reg_find was successful  	[MsgId: MMSG-26390]
Action.c(38): web_url("webtours") started  	[MsgId: MMSG-26355]
Action.c(38): Detected non-resource "http://localhost:1080/webtours/header.html" in "http://localhost:1080/webtours/"  	[MsgId: MMSG-26574]
Action.c(38): Detected non-resource "http://localhost:1080/cgi-bin/welcome.pl?signOff=true" in "http://localhost:1080/webtours/"  	[MsgId: MMSG-26574]
Action.c(38): Found resource "http://localhost:1080/webtours/images/hp_logo.png" in HTML "http://localhost:1080/webtours/header.html"  	[MsgId: MMSG-26659]
Action.c(38): Found resource "http://localhost:1080/webtours/images/webtours.png" in HTML "http://localhost:1080/webtours/header.html"  	[MsgId: MMSG-26659]
Action.c(38): Detected non-resource "http://localhost:1080/cgi-bin/nav.pl?in=home" in "http://localhost:1080/cgi-bin/welcome.pl?signOff=true"  	[MsgId: MMSG-26574]
Action.c(38): Detected non-resource "http://localhost:1080/WebTours/home.html" in "http://localhost:1080/cgi-bin/welcome.pl?signOff=true"  	[MsgId: MMSG-26574]
Action.c(38): Found resource "http://localhost:1080/WebTours/images/mer_login.gif" in HTML "http://localhost:1080/cgi-bin/nav.pl?in=home"  	[MsgId: MMSG-26659]
Action.c(38): Registered web_reg_find successful for "Text=A Session ID has been created" (count=1)  	[MsgId: MMSG-26364]
Action.c(38): web_url("webtours") was successful, 10076 body bytes, 2371 header bytes, 24 chunking overhead bytes  	[MsgId: MMSG-26385]
Action.c(47): Notify: Transaction "HomePage" ended with a "Pass" status (Duration: 0,1663 Wasted Time: 0,0003).	[MsgId: MMSG-16871]
Action.c(49): lr_think_time: 5,00 seconds.	[MsgId: MMSG-15948]
Action.c(54): Notify: Transaction "Login" started.	[MsgId: MMSG-16999]
Action.c(56): web_add_auto_header("Priority") started  	[MsgId: MMSG-26355]
Action.c(56): web_add_auto_header("Priority") was successful  	[MsgId: MMSG-26392]
Action.c(59): web_remove_auto_header("Upgrade-Insecure-Requests") started  	[MsgId: MMSG-26355]
Action.c(59): Previous automatically added web header for "Upgrade-Insecure-Requests" removed  	[MsgId: MMSG-26587]
Action.c(59): web_remove/revert_auto_header("Upgrade-Insecure-Requests") was successful  	[MsgId: MMSG-26392]
Action.c(61): web_add_header("Origin") started  	[MsgId: MMSG-26355]
Action.c(61): web_add_header("Origin") was successful  	[MsgId: MMSG-26392]
Action.c(66): web_reg_find started  	[MsgId: MMSG-26355]
Action.c(66): Registering web_reg_find was successful  	[MsgId: MMSG-26390]
Action.c(67): web_reg_find started  	[MsgId: MMSG-26355]
Action.c(67): Registering web_reg_find was successful  	[MsgId: MMSG-26390]
Action.c(69): web_submit_form("login.pl") started  	[MsgId: MMSG-26355]
Action.c(69): Submitting form to "http://localhost:1080/cgi-bin/login.pl", Target Frame="body"  	[MsgId: MMSG-27978]
Action.c(69): Detected non-resource "http://localhost:1080/cgi-bin/nav.pl?username=bradpitt&password=password123" in "http://localhost:1080/cgi-bin/login.pl"  	[MsgId: MMSG-26574]
Action.c(69): Detected non-resource "http://localhost:1080/cgi-bin/error.pl?error=badPassword" in "http://localhost:1080/cgi-bin/login.pl"  	[MsgId: MMSG-26574]
Action.c(69): Resource "http://localhost:1080/WebTours/images/mer_login.gif" is in the cache already and will not be downloaded again  	[MsgId: MMSG-26655]
Action.c(69): Error -26366: "Text=User password was correct" not found for web_reg_find  	[MsgId: MERR-26366]
Action.c(69): Error -26366: "Text=Welcome, <b>bradpitt</b>, to the Web Tours reservation pages." not found for web_reg_find  	[MsgId: MERR-26366]
Action.c(69): web_submit_form("login.pl") highest severity level was "ERROR", 2998 body bytes, 700 header bytes, 36 chunking overhead bytes  	[MsgId: MMSG-26387]
Action.c(69): Notify: Transaction "Login" ended with a "Fail" status (Duration: 0,1711 Wasted Time: 0,0000).	[MsgId: MMSG-16871]
Action.c(69): Notify: Transaction "Login" has 2 error message(s).	[MsgId: MMSG-16818]
Action.c(69): Notify: The 1st error message associated with transaction "Login" is "Error -26366: "Text=User password was correct" not found for web_reg_find"	[MsgId: MMSG-16819]
Action.c(69): Notify: The 2nd error message associated with transaction "Login" is "Error -26366: "Text=Welcome, <b>bradpitt</b>, to the Web Tours reservation pages." not found for web_reg_find"	[MsgId: MMSG-16819]
Action.c(69): Notify: Transaction "UC04_ItinenaryChecking" ended with a "Fail" status (Duration: 5,3512 Think Time: 5,0131 Wasted Time: 0,0003).	[MsgId: MMSG-16870]
Action.c(69): Notify: Transaction "UC04_ItinenaryChecking" has 2 error message(s).	[MsgId: MMSG-16818]
Action.c(69): Notify: The 1st error message associated with transaction "UC04_ItinenaryChecking" is "Error -26366: "Text=User password was correct" not found for web_reg_find"	[MsgId: MMSG-16819]
Action.c(69): Notify: The 2nd error message associated with transaction "UC04_ItinenaryChecking" is "Error -26366: "Text=Welcome, <b>bradpitt</b>, to the Web Tours reservation pages." not found for web_reg_find"	[MsgId: MMSG-16819]
Ending action Action.	[MsgId: MMSG-15918]
Ending iteration 1.	[MsgId: MMSG-15965]
Waiting 45,6460 seconds for iteration pacing.	[MsgId: MMSG-15996]
Starting iteration 2.	[MsgId: MMSG-15968]
Starting action Action.	[MsgId: MMSG-15919]
Action.c(4): web_websocket_send started  	[MsgId: MMSG-26355]
Action.c(4): Warning -35046: The WebSocket whose ID is "0" is not connected  	[MsgId: MWAR-35046]
Action.c(4): web_websocket_send highest severity level was "warning"  	[MsgId: MMSG-26391]
Action.c(11): Notify: Transaction "UC04_ItinenaryChecking" started.	[MsgId: MMSG-16999]
Action.c(16): Notify: Transaction "HomePage" started.	[MsgId: MMSG-16999]
Action.c(18): web_set_sockets_option started  	[MsgId: MMSG-26355]
Action.c(18): web_set_sockets_option was successful  	[MsgId: MMSG-26392]
Action.c(20): web_add_auto_header("Priority") started  	[MsgId: MMSG-26355]
Action.c(20): web_add_auto_header("Priority") was successful  	[MsgId: MMSG-26392]
Action.c(23): web_add_auto_header("DNT") started  	[MsgId: MMSG-26355]
Action.c(23): web_add_auto_header("DNT") was successful  	[MsgId: MMSG-26392]
Action.c(26): web_add_auto_header("Sec-GPC") started  	[MsgId: MMSG-26355]
Action.c(26): web_add_auto_header("Sec-GPC") was successful  	[MsgId: MMSG-26392]
Action.c(29): web_add_auto_header("Upgrade-Insecure-Requests") started  	[MsgId: MMSG-26355]
Action.c(29): web_add_auto_header("Upgrade-Insecure-Requests") was successful  	[MsgId: MMSG-26392]
Action.c(34): web_reg_save_param_ex started  	[MsgId: MMSG-26355]
Action.c(34): Registering web_reg_save_param_ex was successful  	[MsgId: MMSG-26390]
Action.c(36): web_reg_find started  	[MsgId: MMSG-26355]
Action.c(36): Registering web_reg_find was successful  	[MsgId: MMSG-26390]
Action.c(38): web_url("webtours") started  	[MsgId: MMSG-26355]
Action.c(38): Detected non-resource "http://localhost:1080/webtours/header.html" in "http://localhost:1080/webtours/"  	[MsgId: MMSG-26574]
Action.c(38): Detected non-resource "http://localhost:1080/cgi-bin/welcome.pl?signOff=true" in "http://localhost:1080/webtours/"  	[MsgId: MMSG-26574]
Action.c(38): Found resource "http://localhost:1080/webtours/images/hp_logo.png" in HTML "http://localhost:1080/webtours/header.html"  	[MsgId: MMSG-26659]
Action.c(38): Found resource "http://localhost:1080/webtours/images/webtours.png" in HTML "http://localhost:1080/webtours/header.html"  	[MsgId: MMSG-26659]
Action.c(38): Detected non-resource "http://localhost:1080/cgi-bin/nav.pl?in=home" in "http://localhost:1080/cgi-bin/welcome.pl?signOff=true"  	[MsgId: MMSG-26574]
Action.c(38): Detected non-resource "http://localhost:1080/WebTours/home.html" in "http://localhost:1080/cgi-bin/welcome.pl?signOff=true"  	[MsgId: MMSG-26574]
Action.c(38): Found resource "http://localhost:1080/WebTours/images/mer_login.gif" in HTML "http://localhost:1080/cgi-bin/nav.pl?in=home"  	[MsgId: MMSG-26659]
Action.c(38): Registered web_reg_find successful for "Text=A Session ID has been created" (count=1)  	[MsgId: MMSG-26364]
Action.c(38): web_url("webtours") was successful, 10074 body bytes, 2371 header bytes, 24 chunking overhead bytes  	[MsgId: MMSG-26385]
Action.c(47): Notify: Transaction "HomePage" ended with a "Pass" status (Duration: 0,1997 Wasted Time: 0,0002).	[MsgId: MMSG-16871]
Action.c(49): lr_think_time: 5,00 seconds.	[MsgId: MMSG-15948]
Action.c(54): Notify: Transaction "Login" started.	[MsgId: MMSG-16999]
Action.c(56): web_add_auto_header("Priority") started  	[MsgId: MMSG-26355]
Action.c(56): web_add_auto_header("Priority") was successful  	[MsgId: MMSG-26392]
Action.c(59): web_remove_auto_header("Upgrade-Insecure-Requests") started  	[MsgId: MMSG-26355]
Action.c(59): Previous automatically added web header for "Upgrade-Insecure-Requests" removed  	[MsgId: MMSG-26587]
Action.c(59): web_remove/revert_auto_header("Upgrade-Insecure-Requests") was successful  	[MsgId: MMSG-26392]
Action.c(61): web_add_header("Origin") started  	[MsgId: MMSG-26355]
Action.c(61): web_add_header("Origin") was successful  	[MsgId: MMSG-26392]
Action.c(66): web_reg_find started  	[MsgId: MMSG-26355]
Action.c(66): Registering web_reg_find was successful  	[MsgId: MMSG-26390]
Action.c(67): web_reg_find started  	[MsgId: MMSG-26355]
Action.c(67): Registering web_reg_find was successful  	[MsgId: MMSG-26390]
Action.c(69): web_submit_form("login.pl") started  	[MsgId: MMSG-26355]
Action.c(69): Submitting form to "http://localhost:1080/cgi-bin/login.pl", Target Frame="body"  	[MsgId: MMSG-27978]
Action.c(69): Detected non-resource "http://localhost:1080/cgi-bin/nav.pl?username=georgeclooney&password=passw0rd!" in "http://localhost:1080/cgi-bin/login.pl"  	[MsgId: MMSG-26574]
Action.c(69): Detected non-resource "http://localhost:1080/cgi-bin/error.pl?error=badPassword" in "http://localhost:1080/cgi-bin/login.pl"  	[MsgId: MMSG-26574]
Action.c(69): Resource "http://localhost:1080/WebTours/images/mer_login.gif" is in the cache already and will not be downloaded again  	[MsgId: MMSG-26655]
Action.c(69): Error -26366: "Text=User password was correct" not found for web_reg_find  	[MsgId: MERR-26366]
Action.c(69): Error -26366: "Text=Welcome, <b>georgeclooney</b>, to the Web Tours reservation pages." not found for web_reg_find  	[MsgId: MERR-26366]
Action.c(69): web_submit_form("login.pl") highest severity level was "ERROR", 3002 body bytes, 700 header bytes, 36 chunking overhead bytes  	[MsgId: MMSG-26387]
Action.c(69): Notify: Transaction "Login" ended with a "Fail" status (Duration: 0,2200 Wasted Time: 0,0000).	[MsgId: MMSG-16871]
Action.c(69): Notify: Transaction "Login" has 2 error message(s).	[MsgId: MMSG-16818]
Action.c(69): Notify: The 1st error message associated with transaction "Login" is "Error -26366: "Text=User password was correct" not found for web_reg_find"	[MsgId: MMSG-16819]
Action.c(69): Notify: The 2nd error message associated with transaction "Login" is "Error -26366: "Text=Welcome, <b>georgeclooney</b>, to the Web Tours reservation pages." not found for web_reg_find"	[MsgId: MMSG-16819]
Action.c(69): Notify: Transaction "UC04_ItinenaryChecking" ended with a "Fail" status (Duration: 5,4375 Think Time: 5,0174 Wasted Time: 0,0002).	[MsgId: MMSG-16870]
Action.c(69): Notify: Transaction "UC04_ItinenaryChecking" has 2 error message(s).	[MsgId: MMSG-16818]
Action.c(69): Notify: The 1st error message associated with transaction "UC04_ItinenaryChecking" is "Error -26366: "Text=User password was correct" not found for web_reg_find"	[MsgId: MMSG-16819]
Action.c(69): Notify: The 2nd error message associated with transaction "UC04_ItinenaryChecking" is "Error -26366: "Text=Welcome, <b>georgeclooney</b>, to the Web Tours reservation pages." not found for web_reg_find"	[MsgId: MMSG-16819]
Ending action Action.	[MsgId: MMSG-15918]
Ending iteration 2.	[MsgId: MMSG-15965]
Waiting 45,5500 seconds for iteration pacing.	[MsgId: MMSG-15996]
Starting iteration 3.	[MsgId: MMSG-15968]
Starting action Action.	[MsgId: MMSG-15919]
Action.c(4): web_websocket_send started  	[MsgId: MMSG-26355]
Action.c(4): Warning -35046: The WebSocket whose ID is "0" is not connected  	[MsgId: MWAR-35046]
Action.c(4): web_websocket_send highest severity level was "warning"  	[MsgId: MMSG-26391]
Action.c(11): Notify: Transaction "UC04_ItinenaryChecking" started.	[MsgId: MMSG-16999]
Action.c(16): Notify: Transaction "HomePage" started.	[MsgId: MMSG-16999]
Action.c(18): web_set_sockets_option started  	[MsgId: MMSG-26355]
Action.c(18): web_set_sockets_option was successful  	[MsgId: MMSG-26392]
Action.c(20): web_add_auto_header("Priority") started  	[MsgId: MMSG-26355]
Action.c(20): web_add_auto_header("Priority") was successful  	[MsgId: MMSG-26392]
Action.c(23): web_add_auto_header("DNT") started  	[MsgId: MMSG-26355]
Action.c(23): web_add_auto_header("DNT") was successful  	[MsgId: MMSG-26392]
Action.c(26): web_add_auto_header("Sec-GPC") started  	[MsgId: MMSG-26355]
Action.c(26): web_add_auto_header("Sec-GPC") was successful  	[MsgId: MMSG-26392]
Action.c(29): web_add_auto_header("Upgrade-Insecure-Requests") started  	[MsgId: MMSG-26355]
Action.c(29): web_add_auto_header("Upgrade-Insecure-Requests") was successful  	[MsgId: MMSG-26392]
Action.c(34): web_reg_save_param_ex started  	[MsgId: MMSG-26355]
Action.c(34): Registering web_reg_save_param_ex was successful  	[MsgId: MMSG-26390]
Action.c(36): web_reg_find started  	[MsgId: MMSG-26355]
Action.c(36): Registering web_reg_find was successful  	[MsgId: MMSG-26390]
Action.c(38): web_url("webtours") started  	[MsgId: MMSG-26355]
Action.c(38): Detected non-resource "http://localhost:1080/webtours/header.html" in "http://localhost:1080/webtours/"  	[MsgId: MMSG-26574]
Action.c(38): Detected non-resource "http://localhost:1080/cgi-bin/welcome.pl?signOff=true" in "http://localhost:1080/webtours/"  	[MsgId: MMSG-26574]
Action.c(38): Found resource "http://localhost:1080/webtours/images/hp_logo.png" in HTML "http://localhost:1080/webtours/header.html"  	[MsgId: MMSG-26659]
Action.c(38): Found resource "http://localhost:1080/webtours/images/webtours.png" in HTML "http://localhost:1080/webtours/header.html"  	[MsgId: MMSG-26659]
Action.c(38): Detected non-resource "http://localhost:1080/cgi-bin/nav.pl?in=home" in "http://localhost:1080/cgi-bin/welcome.pl?signOff=true"  	[MsgId: MMSG-26574]
Action.c(38): Detected non-resource "http://localhost:1080/WebTours/home.html" in "http://localhost:1080/cgi-bin/welcome.pl?signOff=true"  	[MsgId: MMSG-26574]
Action.c(38): Found resource "http://localhost:1080/WebTours/images/mer_login.gif" in HTML "http://localhost:1080/cgi-bin/nav.pl?in=home"  	[MsgId: MMSG-26659]
Action.c(38): Registered web_reg_find successful for "Text=A Session ID has been created" (count=1)  	[MsgId: MMSG-26364]
Action.c(38): web_url("webtours") was successful, 10075 body bytes, 2371 header bytes, 24 chunking overhead bytes  	[MsgId: MMSG-26385]
Action.c(47): Notify: Transaction "HomePage" ended with a "Pass" status (Duration: 0,1609 Wasted Time: 0,0003).	[MsgId: MMSG-16871]
Action.c(49): lr_think_time: 5,00 seconds.	[MsgId: MMSG-15948]
Action.c(54): Notify: Transaction "Login" started.	[MsgId: MMSG-16999]
Action.c(56): web_add_auto_header("Priority") started  	[MsgId: MMSG-26355]
Action.c(56): web_add_auto_header("Priority") was successful  	[MsgId: MMSG-26392]
Action.c(59): web_remove_auto_header("Upgrade-Insecure-Requests") started  	[MsgId: MMSG-26355]
Action.c(59): Previous automatically added web header for "Upgrade-Insecure-Requests" removed  	[MsgId: MMSG-26587]
Action.c(59): web_remove/revert_auto_header("Upgrade-Insecure-Requests") was successful  	[MsgId: MMSG-26392]
Action.c(61): web_add_header("Origin") started  	[MsgId: MMSG-26355]
Action.c(61): web_add_header("Origin") was successful  	[MsgId: MMSG-26392]
Action.c(66): web_reg_find started  	[MsgId: MMSG-26355]
Action.c(66): Registering web_reg_find was successful  	[MsgId: MMSG-26390]
Action.c(67): web_reg_find started  	[MsgId: MMSG-26355]
Action.c(67): Registering web_reg_find was successful  	[MsgId: MMSG-26390]
Action.c(69): web_submit_form("login.pl") started  	[MsgId: MMSG-26355]
Action.c(69): Submitting form to "http://localhost:1080/cgi-bin/login.pl", Target Frame="body"  	[MsgId: MMSG-27978]
Action.c(69): Detected non-resource "http://localhost:1080/cgi-bin/nav.pl?username=angelinajolie&password=angie2024" in "http://localhost:1080/cgi-bin/login.pl"  	[MsgId: MMSG-26574]
Action.c(69): Detected non-resource "http://localhost:1080/cgi-bin/error.pl?error=badPassword" in "http://localhost:1080/cgi-bin/login.pl"  	[MsgId: MMSG-26574]
Action.c(69): Resource "http://localhost:1080/WebTours/images/mer_login.gif" is in the cache already and will not be downloaded again  	[MsgId: MMSG-26655]
Action.c(69): Error -26366: "Text=User password was correct" not found for web_reg_find  	[MsgId: MERR-26366]
Action.c(69): Error -26366: "Text=Welcome, <b>angelinajolie</b>, to the Web Tours reservation pages." not found for web_reg_find  	[MsgId: MERR-26366]
Action.c(69): web_submit_form("login.pl") highest severity level was "ERROR", 3003 body bytes, 700 header bytes, 36 chunking overhead bytes  	[MsgId: MMSG-26387]
Action.c(69): Notify: Transaction "Login" ended with a "Fail" status (Duration: 0,1784 Wasted Time: 0,0000).	[MsgId: MMSG-16871]
Action.c(69): Notify: Transaction "Login" has 2 error message(s).	[MsgId: MMSG-16818]
Action.c(69): Notify: The 1st error message associated with transaction "Login" is "Error -26366: "Text=User password was correct" not found for web_reg_find"	[MsgId: MMSG-16819]
Action.c(69): Notify: The 2nd error message associated with transaction "Login" is "Error -26366: "Text=Welcome, <b>angelinajolie</b>, to the Web Tours reservation pages." not found for web_reg_find"	[MsgId: MMSG-16819]
Action.c(69): Notify: Transaction "UC04_ItinenaryChecking" ended with a "Fail" status (Duration: 5,3452 Think Time: 5,0054 Wasted Time: 0,0003).	[MsgId: MMSG-16870]
Action.c(69): Notify: Transaction "UC04_ItinenaryChecking" has 2 error message(s).	[MsgId: MMSG-16818]
Action.c(69): Notify: The 1st error message associated with transaction "UC04_ItinenaryChecking" is "Error -26366: "Text=User password was correct" not found for web_reg_find"	[MsgId: MMSG-16819]
Action.c(69): Notify: The 2nd error message associated with transaction "UC04_ItinenaryChecking" is "Error -26366: "Text=Welcome, <b>angelinajolie</b>, to the Web Tours reservation pages." not found for web_reg_find"	[MsgId: MMSG-16819]
Ending action Action.	[MsgId: MMSG-15918]
Ending iteration 3.	[MsgId: MMSG-15965]
Waiting 45,6510 seconds for iteration pacing.	[MsgId: MMSG-15996]
Starting iteration 4.	[MsgId: MMSG-15968]
Starting action Action.	[MsgId: MMSG-15919]
Action.c(4): web_websocket_send started  	[MsgId: MMSG-26355]
Action.c(4): Warning -35046: The WebSocket whose ID is "0" is not connected  	[MsgId: MWAR-35046]
Action.c(4): web_websocket_send highest severity level was "warning"  	[MsgId: MMSG-26391]
Action.c(11): Notify: Transaction "UC04_ItinenaryChecking" started.	[MsgId: MMSG-16999]
Action.c(16): Notify: Transaction "HomePage" started.	[MsgId: MMSG-16999]
Action.c(18): web_set_sockets_option started  	[MsgId: MMSG-26355]
Action.c(18): web_set_sockets_option was successful  	[MsgId: MMSG-26392]
Action.c(20): web_add_auto_header("Priority") started  	[MsgId: MMSG-26355]
Action.c(20): web_add_auto_header("Priority") was successful  	[MsgId: MMSG-26392]
Action.c(23): web_add_auto_header("DNT") started  	[MsgId: MMSG-26355]
Action.c(23): web_add_auto_header("DNT") was successful  	[MsgId: MMSG-26392]
Action.c(26): web_add_auto_header("Sec-GPC") started  	[MsgId: MMSG-26355]
Action.c(26): web_add_auto_header("Sec-GPC") was successful  	[MsgId: MMSG-26392]
Action.c(29): web_add_auto_header("Upgrade-Insecure-Requests") started  	[MsgId: MMSG-26355]
Action.c(29): web_add_auto_header("Upgrade-Insecure-Requests") was successful  	[MsgId: MMSG-26392]
Action.c(34): web_reg_save_param_ex started  	[MsgId: MMSG-26355]
Action.c(34): Registering web_reg_save_param_ex was successful  	[MsgId: MMSG-26390]
Action.c(36): web_reg_find started  	[MsgId: MMSG-26355]
Action.c(36): Registering web_reg_find was successful  	[MsgId: MMSG-26390]
Action.c(38): web_url("webtours") started  	[MsgId: MMSG-26355]
Action.c(38): Detected non-resource "http://localhost:1080/webtours/header.html" in "http://localhost:1080/webtours/"  	[MsgId: MMSG-26574]
Action.c(38): Detected non-resource "http://localhost:1080/cgi-bin/welcome.pl?signOff=true" in "http://localhost:1080/webtours/"  	[MsgId: MMSG-26574]
Action.c(38): Found resource "http://localhost:1080/webtours/images/hp_logo.png" in HTML "http://localhost:1080/webtours/header.html"  	[MsgId: MMSG-26659]
Action.c(38): Found resource "http://localhost:1080/webtours/images/webtours.png" in HTML "http://localhost:1080/webtours/header.html"  	[MsgId: MMSG-26659]
Action.c(38): Detected non-resource "http://localhost:1080/cgi-bin/nav.pl?in=home" in "http://localhost:1080/cgi-bin/welcome.pl?signOff=true"  	[MsgId: MMSG-26574]
Action.c(38): Detected non-resource "http://localhost:1080/WebTours/home.html" in "http://localhost:1080/cgi-bin/welcome.pl?signOff=true"  	[MsgId: MMSG-26574]
Action.c(38): Found resource "http://localhost:1080/WebTours/images/mer_login.gif" in HTML "http://localhost:1080/cgi-bin/nav.pl?in=home"  	[MsgId: MMSG-26659]
Action.c(38): Registered web_reg_find successful for "Text=A Session ID has been created" (count=1)  	[MsgId: MMSG-26364]
Action.c(38): web_url("webtours") was successful, 10072 body bytes, 2371 header bytes, 24 chunking overhead bytes  	[MsgId: MMSG-26385]
Action.c(47): Notify: Transaction "HomePage" ended with a "Pass" status (Duration: 0,1577 Wasted Time: 0,0003).	[MsgId: MMSG-16871]
Action.c(49): lr_think_time: 5,00 seconds.	[MsgId: MMSG-15948]
Action.c(54): Notify: Transaction "Login" started.	[MsgId: MMSG-16999]
Action.c(56): web_add_auto_header("Priority") started  	[MsgId: MMSG-26355]
Action.c(56): web_add_auto_header("Priority") was successful  	[MsgId: MMSG-26392]
Action.c(59): web_remove_auto_header("Upgrade-Insecure-Requests") started  	[MsgId: MMSG-26355]
Action.c(59): Previous automatically added web header for "Upgrade-Insecure-Requests" removed  	[MsgId: MMSG-26587]
Action.c(59): web_remove/revert_auto_header("Upgrade-Insecure-Requests") was successful  	[MsgId: MMSG-26392]
Action.c(61): web_add_header("Origin") started  	[MsgId: MMSG-26355]
Action.c(61): web_add_header("Origin") was successful  	[MsgId: MMSG-26392]
Action.c(66): web_reg_find started  	[MsgId: MMSG-26355]
Action.c(66): Registering web_reg_find was successful  	[MsgId: MMSG-26390]
Action.c(67): web_reg_find started  	[MsgId: MMSG-26355]
Action.c(67): Registering web_reg_find was successful  	[MsgId: MMSG-26390]
Action.c(69): web_submit_form("login.pl") started  	[MsgId: MMSG-26355]
Action.c(69): Warning -27980: Value of "username" (length 16) truncated due to maxlength=14  	[MsgId: MWAR-27980]
Action.c(69): Submitting form to "http://localhost:1080/cgi-bin/login.pl", Target Frame="body"  	[MsgId: MMSG-27978]
Action.c(69): Detected non-resource "http://localhost:1080/cgi-bin/nav.pl?username=leonardodicapr&password=leo12345" in "http://localhost:1080/cgi-bin/login.pl"  	[MsgId: MMSG-26574]
Action.c(69): Detected non-resource "http://localhost:1080/cgi-bin/error.pl?error=badPassword" in "http://localhost:1080/cgi-bin/login.pl"  	[MsgId: MMSG-26574]
Action.c(69): Resource "http://localhost:1080/WebTours/images/mer_login.gif" is in the cache already and will not be downloaded again  	[MsgId: MMSG-26655]
Action.c(69): Error -26366: "Text=User password was correct" not found for web_reg_find  	[MsgId: MERR-26366]
Action.c(69): Error -26366: "Text=Welcome, <b>leonardodicaprio</b>, to the Web Tours reservation pages." not found for web_reg_find  	[MsgId: MERR-26366]
Action.c(69): web_submit_form("login.pl") highest severity level was "ERROR", 3000 body bytes, 700 header bytes, 36 chunking overhead bytes  	[MsgId: MMSG-26387]
Action.c(69): Notify: Transaction "Login" ended with a "Fail" status (Duration: 0,1685 Wasted Time: 0,0000).	[MsgId: MMSG-16871]
Action.c(69): Notify: Transaction "Login" has 2 error message(s).	[MsgId: MMSG-16818]
Action.c(69): Notify: The 1st error message associated with transaction "Login" is "Error -26366: "Text=User password was correct" not found for web_reg_find"	[MsgId: MMSG-16819]
Action.c(69): Notify: The 2nd error message associated with transaction "Login" is "Error -26366: "Text=Welcome, <b>leonardodicaprio</b>, to the Web Tours reservation pages." not found for web_reg_find"	[MsgId: MMSG-16819]
Action.c(69): Notify: Transaction "UC04_ItinenaryChecking" ended with a "Fail" status (Duration: 5,3386 Think Time: 5,0119 Wasted Time: 0,0003).	[MsgId: MMSG-16870]
Action.c(69): Notify: Transaction "UC04_ItinenaryChecking" has 2 error message(s).	[MsgId: MMSG-16818]
Action.c(69): Notify: The 1st error message associated with transaction "UC04_ItinenaryChecking" is "Error -26366: "Text=User password was correct" not found for web_reg_find"	[MsgId: MMSG-16819]
Action.c(69): Notify: The 2nd error message associated with transaction "UC04_ItinenaryChecking" is "Error -26366: "Text=Welcome, <b>leonardodicaprio</b>, to the Web Tours reservation pages." not found for web_reg_find"	[MsgId: MMSG-16819]
Ending action Action.	[MsgId: MMSG-15918]
Ending iteration 4.	[MsgId: MMSG-15965]
Waiting 45,6580 seconds for iteration pacing.	[MsgId: MMSG-15996]
Starting iteration 5.	[MsgId: MMSG-15968]
Starting action Action.	[MsgId: MMSG-15919]
Action.c(4): web_websocket_send started  	[MsgId: MMSG-26355]
Action.c(4): Warning -35046: The WebSocket whose ID is "0" is not connected  	[MsgId: MWAR-35046]
Action.c(4): web_websocket_send highest severity level was "warning"  	[MsgId: MMSG-26391]
Action.c(11): Notify: Transaction "UC04_ItinenaryChecking" started.	[MsgId: MMSG-16999]
Action.c(16): Notify: Transaction "HomePage" started.	[MsgId: MMSG-16999]
Action.c(18): web_set_sockets_option started  	[MsgId: MMSG-26355]
Action.c(18): web_set_sockets_option was successful  	[MsgId: MMSG-26392]
Action.c(20): web_add_auto_header("Priority") started  	[MsgId: MMSG-26355]
Action.c(20): web_add_auto_header("Priority") was successful  	[MsgId: MMSG-26392]
Action.c(23): web_add_auto_header("DNT") started  	[MsgId: MMSG-26355]
Action.c(23): web_add_auto_header("DNT") was successful  	[MsgId: MMSG-26392]
Action.c(26): web_add_auto_header("Sec-GPC") started  	[MsgId: MMSG-26355]
Action.c(26): web_add_auto_header("Sec-GPC") was successful  	[MsgId: MMSG-26392]
Action.c(29): web_add_auto_header("Upgrade-Insecure-Requests") started  	[MsgId: MMSG-26355]
Action.c(29): web_add_auto_header("Upgrade-Insecure-Requests") was successful  	[MsgId: MMSG-26392]
Action.c(34): web_reg_save_param_ex started  	[MsgId: MMSG-26355]
Action.c(34): Registering web_reg_save_param_ex was successful  	[MsgId: MMSG-26390]
Action.c(36): web_reg_find started  	[MsgId: MMSG-26355]
Action.c(36): Registering web_reg_find was successful  	[MsgId: MMSG-26390]
Action.c(38): web_url("webtours") started  	[MsgId: MMSG-26355]
Action.c(38): Detected non-resource "http://localhost:1080/webtours/header.html" in "http://localhost:1080/webtours/"  	[MsgId: MMSG-26574]
Action.c(38): Detected non-resource "http://localhost:1080/cgi-bin/welcome.pl?signOff=true" in "http://localhost:1080/webtours/"  	[MsgId: MMSG-26574]
Action.c(38): Found resource "http://localhost:1080/webtours/images/hp_logo.png" in HTML "http://localhost:1080/webtours/header.html"  	[MsgId: MMSG-26659]
Action.c(38): Found resource "http://localhost:1080/webtours/images/webtours.png" in HTML "http://localhost:1080/webtours/header.html"  	[MsgId: MMSG-26659]
Action.c(38): Detected non-resource "http://localhost:1080/cgi-bin/nav.pl?in=home" in "http://localhost:1080/cgi-bin/welcome.pl?signOff=true"  	[MsgId: MMSG-26574]
Action.c(38): Detected non-resource "http://localhost:1080/WebTours/home.html" in "http://localhost:1080/cgi-bin/welcome.pl?signOff=true"  	[MsgId: MMSG-26574]
Action.c(38): Found resource "http://localhost:1080/WebTours/images/mer_login.gif" in HTML "http://localhost:1080/cgi-bin/nav.pl?in=home"  	[MsgId: MMSG-26659]
Action.c(38): Registered web_reg_find successful for "Text=A Session ID has been created" (count=1)  	[MsgId: MMSG-26364]
Action.c(38): web_url("webtours") was successful, 10076 body bytes, 2371 header bytes, 24 chunking overhead bytes  	[MsgId: MMSG-26385]
Action.c(47): Notify: Transaction "HomePage" ended with a "Pass" status (Duration: 0,1529 Wasted Time: 0,0002).	[MsgId: MMSG-16871]
Action.c(49): lr_think_time: 5,00 seconds.	[MsgId: MMSG-15948]
Action.c(54): Notify: Transaction "Login" started.	[MsgId: MMSG-16999]
Action.c(56): web_add_auto_header("Priority") started  	[MsgId: MMSG-26355]
Action.c(56): web_add_auto_header("Priority") was successful  	[MsgId: MMSG-26392]
Action.c(59): web_remove_auto_header("Upgrade-Insecure-Requests") started  	[MsgId: MMSG-26355]
Action.c(59): Previous automatically added web header for "Upgrade-Insecure-Requests" removed  	[MsgId: MMSG-26587]
Action.c(59): web_remove/revert_auto_header("Upgrade-Insecure-Requests") was successful  	[MsgId: MMSG-26392]
Action.c(61): web_add_header("Origin") started  	[MsgId: MMSG-26355]
Action.c(61): web_add_header("Origin") was successful  	[MsgId: MMSG-26392]
Action.c(66): web_reg_find started  	[MsgId: MMSG-26355]
Action.c(66): Registering web_reg_find was successful  	[MsgId: MMSG-26390]
Action.c(67): web_reg_find started  	[MsgId: MMSG-26355]
Action.c(67): Registering web_reg_find was successful  	[MsgId: MMSG-26390]
Action.c(69): web_submit_form("login.pl") started  	[MsgId: MMSG-26355]
Action.c(69): Warning -27980: Value of "username" (length 17) truncated due to maxlength=14  	[MsgId: MWAR-27980]
Action.c(69): Submitting form to "http://localhost:1080/cgi-bin/login.pl", Target Frame="body"  	[MsgId: MMSG-27978]
Action.c(69): Detected non-resource "http://localhost:1080/cgi-bin/nav.pl?username=scarlettjohans&password=scarlett@22" in "http://localhost:1080/cgi-bin/login.pl"  	[MsgId: MMSG-26574]
Action.c(69): Detected non-resource "http://localhost:1080/cgi-bin/error.pl?error=badPassword" in "http://localhost:1080/cgi-bin/login.pl"  	[MsgId: MMSG-26574]
Action.c(69): Resource "http://localhost:1080/WebTours/images/mer_login.gif" is in the cache already and will not be downloaded again  	[MsgId: MMSG-26655]
Action.c(69): Error -26366: "Text=User password was correct" not found for web_reg_find  	[MsgId: MERR-26366]
Action.c(69): Error -26366: "Text=Welcome, <b>scarlettjohansson</b>, to the Web Tours reservation pages." not found for web_reg_find  	[MsgId: MERR-26366]
Action.c(69): web_submit_form("login.pl") highest severity level was "ERROR", 3010 body bytes, 700 header bytes, 36 chunking overhead bytes  	[MsgId: MMSG-26387]
Action.c(69): Notify: Transaction "Login" ended with a "Fail" status (Duration: 0,1951 Wasted Time: 0,0000).	[MsgId: MMSG-16871]
Action.c(69): Notify: Transaction "Login" has 2 error message(s).	[MsgId: MMSG-16818]
Action.c(69): Notify: The 1st error message associated with transaction "Login" is "Error -26366: "Text=User password was correct" not found for web_reg_find"	[MsgId: MMSG-16819]
Action.c(69): Notify: The 2nd error message associated with transaction "Login" is "Error -26366: "Text=Welcome, <b>scarlettjohansson</b>, to the Web Tours reservation pages." not found for web_reg_find"	[MsgId: MMSG-16819]
Action.c(69): Notify: Transaction "UC04_ItinenaryChecking" ended with a "Fail" status (Duration: 5,3606 Think Time: 5,0122 Wasted Time: 0,0003).	[MsgId: MMSG-16870]
Action.c(69): Notify: Transaction "UC04_ItinenaryChecking" has 2 error message(s).	[MsgId: MMSG-16818]
Action.c(69): Notify: The 1st error message associated with transaction "UC04_ItinenaryChecking" is "Error -26366: "Text=User password was correct" not found for web_reg_find"	[MsgId: MMSG-16819]
Action.c(69): Notify: The 2nd error message associated with transaction "UC04_ItinenaryChecking" is "Error -26366: "Text=Welcome, <b>scarlettjohansson</b>, to the Web Tours reservation pages." not found for web_reg_find"	[MsgId: MMSG-16819]
Ending action Action.	[MsgId: MMSG-15918]
Ending iteration 5.	[MsgId: MMSG-15965]
Waiting 45,6370 seconds for iteration pacing.	[MsgId: MMSG-15996]
Ending Vuser...	[MsgId: MMSG-15966]
Starting action vuser_end.	[MsgId: MMSG-15919]
Ending action vuser_end.	[MsgId: MMSG-15918]
Vuser Terminated.	[MsgId: MMSG-15963]
